{"D:\\de351\\pawpaw\\frontend\\src\\App.js": {"path":"D:\\de351\\pawpaw\\frontend\\src\\App.js","statementMap":{"0":{"start":{"line":13,"column":12},"end":{"line":67,"column":1}},"1":{"start":{"line":14,"column":38},"end":{"line":14,"column":53}},"2":{"start":{"line":17,"column":2},"end":{"line":22,"column":9}},"3":{"start":{"line":18,"column":18},"end":{"line":18,"column":47}},"4":{"start":{"line":19,"column":4},"end":{"line":21,"column":5}},"5":{"start":{"line":20,"column":6},"end":{"line":20,"column":26}},"6":{"start":{"line":24,"column":22},"end":{"line":24,"column":47}},"7":{"start":{"line":24,"column":28},"end":{"line":24,"column":47}},"8":{"start":{"line":25,"column":23},"end":{"line":29,"column":3}},"9":{"start":{"line":27,"column":4},"end":{"line":27,"column":37}},"10":{"start":{"line":28,"column":4},"end":{"line":28,"column":25}},"11":{"start":{"line":31,"column":2},"end":{"line":51,"column":9}},"12":{"start":{"line":33,"column":18},"end":{"line":33,"column":47}},"13":{"start":{"line":34,"column":4},"end":{"line":50,"column":5}},"14":{"start":{"line":35,"column":6},"end":{"line":49,"column":7}},"15":{"start":{"line":36,"column":29},"end":{"line":36,"column":45}},"16":{"start":{"line":37,"column":28},"end":{"line":37,"column":45}},"17":{"start":{"line":40,"column":8},"end":{"line":45,"column":9}},"18":{"start":{"line":41,"column":10},"end":{"line":41,"column":25}},"19":{"start":{"line":42,"column":10},"end":{"line":42,"column":62}},"20":{"start":{"line":44,"column":10},"end":{"line":44,"column":30}},"21":{"start":{"line":47,"column":8},"end":{"line":47,"column":39}},"22":{"start":{"line":48,"column":8},"end":{"line":48,"column":23}},"23":{"start":{"line":53,"column":2},"end":{"line":66,"column":4}}},"fnMap":{"0":{"name":"(anonymous_0)","decl":{"start":{"line":13,"column":12},"end":{"line":13,"column":13}},"loc":{"start":{"line":13,"column":18},"end":{"line":67,"column":1}},"line":13},"1":{"name":"(anonymous_1)","decl":{"start":{"line":17,"column":12},"end":{"line":17,"column":13}},"loc":{"start":{"line":17,"column":18},"end":{"line":22,"column":3}},"line":17},"2":{"name":"(anonymous_2)","decl":{"start":{"line":24,"column":22},"end":{"line":24,"column":23}},"loc":{"start":{"line":24,"column":28},"end":{"line":24,"column":47}},"line":24},"3":{"name":"(anonymous_3)","decl":{"start":{"line":25,"column":23},"end":{"line":25,"column":24}},"loc":{"start":{"line":25,"column":29},"end":{"line":29,"column":3}},"line":25},"4":{"name":"(anonymous_4)","decl":{"start":{"line":31,"column":12},"end":{"line":31,"column":13}},"loc":{"start":{"line":31,"column":18},"end":{"line":51,"column":3}},"line":31}},"branchMap":{"0":{"loc":{"start":{"line":19,"column":4},"end":{"line":21,"column":5}},"type":"if","locations":[{"start":{"line":19,"column":4},"end":{"line":21,"column":5}},{"start":{},"end":{}}],"line":19},"1":{"loc":{"start":{"line":34,"column":4},"end":{"line":50,"column":5}},"type":"if","locations":[{"start":{"line":34,"column":4},"end":{"line":50,"column":5}},{"start":{},"end":{}}],"line":34},"2":{"loc":{"start":{"line":40,"column":8},"end":{"line":45,"column":9}},"type":"if","locations":[{"start":{"line":40,"column":8},"end":{"line":45,"column":9}},{"start":{"line":43,"column":15},"end":{"line":45,"column":9}}],"line":40}},"s":{"0":2,"1":14,"2":14,"3":10,"4":10,"5":4,"6":14,"7":0,"8":14,"9":1,"10":1,"11":14,"12":10,"13":10,"14":4,"15":4,"16":4,"17":4,"18":1,"19":1,"20":3,"21":0,"22":0,"23":14},"f":{"0":14,"1":10,"2":0,"3":1,"4":10},"b":{"0":[4,6],"1":[4,6],"2":[1,3]},"_coverageSchema":"1a1c01bbd47fc00a2c39e90264f33305004495a9","hash":"9e4ea2bbc7c92b844ce55cac8ea5fc14ced29c5c"}
,"D:\\de351\\pawpaw\\frontend\\src\\index.js": {"path":"D:\\de351\\pawpaw\\frontend\\src\\index.js","statementMap":{"0":{"start":{"line":8,"column":13},"end":{"line":8,"column":65}},"1":{"start":{"line":9,"column":0},"end":{"line":13,"column":2}},"2":{"start":{"line":18,"column":0},"end":{"line":18,"column":18}}},"fnMap":{},"branchMap":{},"s":{"0":0,"1":0,"2":0},"f":{},"b":{}}
,"D:\\de351\\pawpaw\\frontend\\src\\reportWebVitals.js": {"path":"D:\\de351\\pawpaw\\frontend\\src\\reportWebVitals.js","statementMap":{"0":{"start":{"line":1,"column":24},"end":{"line":11,"column":1}},"1":{"start":{"line":2,"column":2},"end":{"line":10,"column":3}},"2":{"start":{"line":3,"column":4},"end":{"line":9,"column":7}},"3":{"start":{"line":4,"column":6},"end":{"line":4,"column":26}},"4":{"start":{"line":5,"column":6},"end":{"line":5,"column":26}},"5":{"start":{"line":6,"column":6},"end":{"line":6,"column":26}},"6":{"start":{"line":7,"column":6},"end":{"line":7,"column":26}},"7":{"start":{"line":8,"column":6},"end":{"line":8,"column":27}}},"fnMap":{"0":{"name":"(anonymous_0)","decl":{"start":{"line":1,"column":24},"end":{"line":1,"column":25}},"loc":{"start":{"line":1,"column":39},"end":{"line":11,"column":1}},"line":1},"1":{"name":"(anonymous_1)","decl":{"start":{"line":3,"column":30},"end":{"line":3,"column":31}},"loc":{"start":{"line":3,"column":79},"end":{"line":9,"column":5}},"line":3}},"branchMap":{"0":{"loc":{"start":{"line":2,"column":2},"end":{"line":10,"column":3}},"type":"if","locations":[{"start":{"line":2,"column":2},"end":{"line":10,"column":3}},{"start":{},"end":{}}],"line":2},"1":{"loc":{"start":{"line":2,"column":6},"end":{"line":2,"column":52}},"type":"binary-expr","locations":[{"start":{"line":2,"column":6},"end":{"line":2,"column":17}},{"start":{"line":2,"column":21},"end":{"line":2,"column":52}}],"line":2}},"s":{"0":1,"1":0,"2":0,"3":0,"4":0,"5":0,"6":0,"7":0},"f":{"0":0,"1":0},"b":{"0":[0,0],"1":[0,0]},"_coverageSchema":"1a1c01bbd47fc00a2c39e90264f33305004495a9","hash":"82896834782205d32b39f950347710b3657100c0"}
,"D:\\de351\\pawpaw\\frontend\\src\\components\\Comment.js": {"path":"D:\\de351\\pawpaw\\frontend\\src\\components\\Comment.js","statementMap":{"0":{"start":{"line":10,"column":16},"end":{"line":261,"column":1}},"1":{"start":{"line":11,"column":34},"end":{"line":11,"column":65}},"2":{"start":{"line":12,"column":40},"end":{"line":12,"column":52}},"3":{"start":{"line":13,"column":48},"end":{"line":13,"column":60}},"4":{"start":{"line":14,"column":44},"end":{"line":14,"column":58}},"5":{"start":{"line":16,"column":24},"end":{"line":25,"column":3}},"6":{"start":{"line":17,"column":4},"end":{"line":24,"column":5}},"7":{"start":{"line":18,"column":23},"end":{"line":18,"column":95}},"8":{"start":{"line":19,"column":6},"end":{"line":21,"column":7}},"9":{"start":{"line":20,"column":8},"end":{"line":20,"column":44}},"10":{"start":{"line":23,"column":6},"end":{"line":23,"column":56}},"11":{"start":{"line":28,"column":2},"end":{"line":40,"column":24}},"12":{"start":{"line":29,"column":4},"end":{"line":31,"column":5}},"13":{"start":{"line":30,"column":6},"end":{"line":30,"column":22}},"14":{"start":{"line":33,"column":19},"end":{"line":33,"column":49}},"15":{"start":{"line":34,"column":4},"end":{"line":39,"column":5}},"16":{"start":{"line":35,"column":6},"end":{"line":35,"column":31}},"17":{"start":{"line":36,"column":6},"end":{"line":36,"column":56}},"18":{"start":{"line":38,"column":6},"end":{"line":38,"column":58}},"19":{"start":{"line":43,"column":28},"end":{"line":77,"column":3}},"20":{"start":{"line":44,"column":25},"end":{"line":44,"column":47}},"21":{"start":{"line":45,"column":4},"end":{"line":76,"column":5}},"22":{"start":{"line":46,"column":6},"end":{"line":75,"column":7}},"23":{"start":{"line":47,"column":22},"end":{"line":47,"column":51}},"24":{"start":{"line":48,"column":8},"end":{"line":51,"column":9}},"25":{"start":{"line":49,"column":10},"end":{"line":49,"column":43}},"26":{"start":{"line":50,"column":10},"end":{"line":50,"column":17}},"27":{"start":{"line":54,"column":25},"end":{"line":61,"column":9}},"28":{"start":{"line":63,"column":8},"end":{"line":72,"column":9}},"29":{"start":{"line":65,"column":10},"end":{"line":65,"column":32}},"30":{"start":{"line":68,"column":10},"end":{"line":71,"column":14}},"31":{"start":{"line":68,"column":41},"end":{"line":71,"column":11}},"32":{"start":{"line":74,"column":8},"end":{"line":74,"column":56}},"33":{"start":{"line":79,"column":29},"end":{"line":85,"column":3}},"34":{"start":{"line":80,"column":4},"end":{"line":84,"column":7}},"35":{"start":{"line":88,"column":28},"end":{"line":117,"column":3}},"36":{"start":{"line":89,"column":18},"end":{"line":89,"column":47}},"37":{"start":{"line":90,"column":4},"end":{"line":93,"column":5}},"38":{"start":{"line":91,"column":6},"end":{"line":91,"column":51}},"39":{"start":{"line":92,"column":6},"end":{"line":92,"column":19}},"40":{"start":{"line":94,"column":4},"end":{"line":115,"column":5}},"41":{"start":{"line":95,"column":23},"end":{"line":99,"column":7}},"42":{"start":{"line":100,"column":6},"end":{"line":112,"column":7}},"43":{"start":{"line":101,"column":8},"end":{"line":101,"column":54}},"44":{"start":{"line":102,"column":8},"end":{"line":102,"column":55}},"45":{"start":{"line":105,"column":8},"end":{"line":109,"column":10}},"46":{"start":{"line":106,"column":10},"end":{"line":108,"column":11}},"47":{"start":{"line":107,"column":12},"end":{"line":107,"column":92}},"48":{"start":{"line":110,"column":8},"end":{"line":110,"column":24}},"49":{"start":{"line":111,"column":8},"end":{"line":111,"column":20}},"50":{"start":{"line":114,"column":6},"end":{"line":114,"column":54}},"51":{"start":{"line":116,"column":4},"end":{"line":116,"column":17}},"52":{"start":{"line":120,"column":27},"end":{"line":125,"column":3}},"53":{"start":{"line":121,"column":4},"end":{"line":124,"column":8}},"54":{"start":{"line":121,"column":39},"end":{"line":124,"column":5}},"55":{"start":{"line":127,"column":30},"end":{"line":149,"column":3}},"56":{"start":{"line":128,"column":4},"end":{"line":148,"column":5}},"57":{"start":{"line":129,"column":20},"end":{"line":129,"column":49}},"58":{"start":{"line":130,"column":6},"end":{"line":133,"column":7}},"59":{"start":{"line":131,"column":8},"end":{"line":131,"column":54}},"60":{"start":{"line":132,"column":8},"end":{"line":132,"column":15}},"61":{"start":{"line":135,"column":23},"end":{"line":137,"column":8}},"62":{"start":{"line":139,"column":6},"end":{"line":144,"column":7}},"63":{"start":{"line":140,"column":8},"end":{"line":140,"column":47}},"64":{"start":{"line":143,"column":8},"end":{"line":143,"column":43}},"65":{"start":{"line":146,"column":6},"end":{"line":146,"column":56}},"66":{"start":{"line":147,"column":6},"end":{"line":147,"column":40}},"67":{"start":{"line":153,"column":22},"end":{"line":244,"column":4}},"68":{"start":{"line":154,"column":4},"end":{"line":243,"column":6}},"69":{"start":{"line":168,"column":42},"end":{"line":168,"column":74}},"70":{"start":{"line":189,"column":26},"end":{"line":189,"column":56}},"71":{"start":{"line":194,"column":27},"end":{"line":194,"column":56}},"72":{"start":{"line":199,"column":56},"end":{"line":199,"column":83}},"73":{"start":{"line":219,"column":16},"end":{"line":222,"column":19}},"74":{"start":{"line":219,"column":47},"end":{"line":222,"column":17}},"75":{"start":{"line":228,"column":71},"end":{"line":228,"column":101}},"76":{"start":{"line":238,"column":14},"end":{"line":238,"column":61}},"77":{"start":{"line":246,"column":2},"end":{"line":260,"column":4}},"78":{"start":{"line":250,"column":10},"end":{"line":252,"column":27}}},"fnMap":{"0":{"name":"(anonymous_0)","decl":{"start":{"line":10,"column":16},"end":{"line":10,"column":17}},"loc":{"start":{"line":10,"column":49},"end":{"line":261,"column":1}},"line":10},"1":{"name":"(anonymous_1)","decl":{"start":{"line":16,"column":24},"end":{"line":16,"column":25}},"loc":{"start":{"line":16,"column":36},"end":{"line":25,"column":3}},"line":16},"2":{"name":"(anonymous_2)","decl":{"start":{"line":28,"column":12},"end":{"line":28,"column":13}},"loc":{"start":{"line":28,"column":18},"end":{"line":40,"column":3}},"line":28},"3":{"name":"(anonymous_3)","decl":{"start":{"line":43,"column":28},"end":{"line":43,"column":29}},"loc":{"start":{"line":43,"column":49},"end":{"line":77,"column":3}},"line":43},"4":{"name":"(anonymous_4)","decl":{"start":{"line":68,"column":25},"end":{"line":68,"column":26}},"loc":{"start":{"line":68,"column":41},"end":{"line":71,"column":11}},"line":68},"5":{"name":"(anonymous_5)","decl":{"start":{"line":79,"column":29},"end":{"line":79,"column":30}},"loc":{"start":{"line":79,"column":42},"end":{"line":85,"column":3}},"line":79},"6":{"name":"(anonymous_6)","decl":{"start":{"line":88,"column":28},"end":{"line":88,"column":29}},"loc":{"start":{"line":88,"column":49},"end":{"line":117,"column":3}},"line":88},"7":{"name":"(anonymous_7)","decl":{"start":{"line":105,"column":20},"end":{"line":105,"column":21}},"loc":{"start":{"line":106,"column":10},"end":{"line":108,"column":11}},"line":106},"8":{"name":"(anonymous_8)","decl":{"start":{"line":106,"column":27},"end":{"line":106,"column":28}},"loc":{"start":{"line":107,"column":12},"end":{"line":107,"column":92}},"line":107},"9":{"name":"(anonymous_9)","decl":{"start":{"line":120,"column":27},"end":{"line":120,"column":28}},"loc":{"start":{"line":120,"column":42},"end":{"line":125,"column":3}},"line":120},"10":{"name":"(anonymous_10)","decl":{"start":{"line":121,"column":23},"end":{"line":121,"column":24}},"loc":{"start":{"line":121,"column":39},"end":{"line":124,"column":5}},"line":121},"11":{"name":"(anonymous_11)","decl":{"start":{"line":127,"column":30},"end":{"line":127,"column":31}},"loc":{"start":{"line":127,"column":51},"end":{"line":149,"column":3}},"line":127},"12":{"name":"(anonymous_12)","decl":{"start":{"line":153,"column":27},"end":{"line":153,"column":28}},"loc":{"start":{"line":153,"column":44},"end":{"line":244,"column":3}},"line":153},"13":{"name":"(anonymous_13)","decl":{"start":{"line":168,"column":36},"end":{"line":168,"column":37}},"loc":{"start":{"line":168,"column":42},"end":{"line":168,"column":74}},"line":168},"14":{"name":"(anonymous_14)","decl":{"start":{"line":189,"column":20},"end":{"line":189,"column":21}},"loc":{"start":{"line":189,"column":26},"end":{"line":189,"column":56}},"line":189},"15":{"name":"(anonymous_15)","decl":{"start":{"line":194,"column":21},"end":{"line":194,"column":22}},"loc":{"start":{"line":194,"column":27},"end":{"line":194,"column":56}},"line":194},"16":{"name":"(anonymous_16)","decl":{"start":{"line":199,"column":50},"end":{"line":199,"column":51}},"loc":{"start":{"line":199,"column":56},"end":{"line":199,"column":83}},"line":199},"17":{"name":"(anonymous_17)","decl":{"start":{"line":218,"column":24},"end":{"line":218,"column":25}},"loc":{"start":{"line":219,"column":16},"end":{"line":222,"column":19}},"line":219},"18":{"name":"(anonymous_18)","decl":{"start":{"line":219,"column":31},"end":{"line":219,"column":32}},"loc":{"start":{"line":219,"column":47},"end":{"line":222,"column":17}},"line":219},"19":{"name":"(anonymous_19)","decl":{"start":{"line":228,"column":65},"end":{"line":228,"column":66}},"loc":{"start":{"line":228,"column":71},"end":{"line":228,"column":101}},"line":228},"20":{"name":"(anonymous_20)","decl":{"start":{"line":237,"column":33},"end":{"line":237,"column":34}},"loc":{"start":{"line":238,"column":14},"end":{"line":238,"column":61}},"line":238},"21":{"name":"(anonymous_21)","decl":{"start":{"line":249,"column":21},"end":{"line":249,"column":22}},"loc":{"start":{"line":250,"column":10},"end":{"line":252,"column":27}},"line":250}},"branchMap":{"0":{"loc":{"start":{"line":11,"column":43},"end":{"line":11,"column":64}},"type":"binary-expr","locations":[{"start":{"line":11,"column":43},"end":{"line":11,"column":58}},{"start":{"line":11,"column":62},"end":{"line":11,"column":64}}],"line":11},"1":{"loc":{"start":{"line":19,"column":6},"end":{"line":21,"column":7}},"type":"if","locations":[{"start":{"line":19,"column":6},"end":{"line":21,"column":7}},{"start":{},"end":{}}],"line":19},"2":{"loc":{"start":{"line":29,"column":4},"end":{"line":31,"column":5}},"type":"if","locations":[{"start":{"line":29,"column":4},"end":{"line":31,"column":5}},{"start":{},"end":{}}],"line":29},"3":{"loc":{"start":{"line":34,"column":4},"end":{"line":39,"column":5}},"type":"if","locations":[{"start":{"line":34,"column":4},"end":{"line":39,"column":5}},{"start":{"line":37,"column":11},"end":{"line":39,"column":5}}],"line":34},"4":{"loc":{"start":{"line":45,"column":4},"end":{"line":76,"column":5}},"type":"if","locations":[{"start":{"line":45,"column":4},"end":{"line":76,"column":5}},{"start":{},"end":{}}],"line":45},"5":{"loc":{"start":{"line":45,"column":8},"end":{"line":45,"column":50}},"type":"binary-expr","locations":[{"start":{"line":45,"column":8},"end":{"line":45,"column":20}},{"start":{"line":45,"column":24},"end":{"line":45,"column":50}}],"line":45},"6":{"loc":{"start":{"line":48,"column":8},"end":{"line":51,"column":9}},"type":"if","locations":[{"start":{"line":48,"column":8},"end":{"line":51,"column":9}},{"start":{},"end":{}}],"line":48},"7":{"loc":{"start":{"line":63,"column":8},"end":{"line":72,"column":9}},"type":"if","locations":[{"start":{"line":63,"column":8},"end":{"line":72,"column":9}},{"start":{},"end":{}}],"line":63},"8":{"loc":{"start":{"line":90,"column":4},"end":{"line":93,"column":5}},"type":"if","locations":[{"start":{"line":90,"column":4},"end":{"line":93,"column":5}},{"start":{},"end":{}}],"line":90},"9":{"loc":{"start":{"line":100,"column":6},"end":{"line":112,"column":7}},"type":"if","locations":[{"start":{"line":100,"column":6},"end":{"line":112,"column":7}},{"start":{},"end":{}}],"line":100},"10":{"loc":{"start":{"line":107,"column":12},"end":{"line":107,"column":92}},"type":"cond-expr","locations":[{"start":{"line":107,"column":40},"end":{"line":107,"column":82}},{"start":{"line":107,"column":85},"end":{"line":107,"column":92}}],"line":107},"11":{"loc":{"start":{"line":130,"column":6},"end":{"line":133,"column":7}},"type":"if","locations":[{"start":{"line":130,"column":6},"end":{"line":133,"column":7}},{"start":{},"end":{}}],"line":130},"12":{"loc":{"start":{"line":139,"column":6},"end":{"line":144,"column":7}},"type":"if","locations":[{"start":{"line":139,"column":6},"end":{"line":144,"column":7}},{"start":{"line":142,"column":13},"end":{"line":144,"column":7}}],"line":139},"13":{"loc":{"start":{"line":165,"column":9},"end":{"line":171,"column":9}},"type":"binary-expr","locations":[{"start":{"line":165,"column":9},"end":{"line":165,"column":22}},{"start":{"line":165,"column":26},"end":{"line":165,"column":40}},{"start":{"line":165,"column":44},"end":{"line":165,"column":103}},{"start":{"line":166,"column":10},"end":{"line":170,"column":16}}],"line":165},"14":{"loc":{"start":{"line":175,"column":11},"end":{"line":175,"column":73}},"type":"cond-expr","locations":[{"start":{"line":175,"column":38},"end":{"line":175,"column":61}},{"start":{"line":175,"column":64},"end":{"line":175,"column":73}}],"line":175},"15":{"loc":{"start":{"line":188,"column":25},"end":{"line":188,"column":86}},"type":"cond-expr","locations":[{"start":{"line":188,"column":41},"end":{"line":188,"column":78}},{"start":{"line":188,"column":81},"end":{"line":188,"column":86}}],"line":188},"16":{"loc":{"start":{"line":205,"column":9},"end":{"line":232,"column":9}},"type":"binary-expr","locations":[{"start":{"line":205,"column":9},"end":{"line":205,"column":37}},{"start":{"line":206,"column":10},"end":{"line":231,"column":16}}],"line":205},"17":{"loc":{"start":{"line":217,"column":21},"end":{"line":217,"column":51}},"type":"binary-expr","locations":[{"start":{"line":217,"column":21},"end":{"line":217,"column":45}},{"start":{"line":217,"column":49},"end":{"line":217,"column":51}}],"line":217},"18":{"loc":{"start":{"line":235,"column":9},"end":{"line":241,"column":9}},"type":"binary-expr","locations":[{"start":{"line":235,"column":9},"end":{"line":235,"column":24}},{"start":{"line":235,"column":28},"end":{"line":235,"column":54}},{"start":{"line":236,"column":10},"end":{"line":240,"column":16}}],"line":235},"19":{"loc":{"start":{"line":248,"column":7},"end":{"line":258,"column":7}},"type":"cond-expr","locations":[{"start":{"line":249,"column":8},"end":{"line":253,"column":10}},{"start":{"line":255,"column":8},"end":{"line":257,"column":21}}],"line":248}},"s":{"0":6,"1":13,"2":13,"3":13,"4":13,"5":13,"6":0,"7":0,"8":0,"9":0,"10":0,"11":13,"12":7,"13":0,"14":7,"15":7,"16":6,"17":6,"18":1,"19":13,"20":0,"21":0,"22":0,"23":0,"24":0,"25":0,"26":0,"27":0,"28":0,"29":0,"30":0,"31":0,"32":0,"33":13,"34":0,"35":13,"36":0,"37":0,"38":0,"39":0,"40":0,"41":0,"42":0,"43":0,"44":0,"45":0,"46":0,"47":0,"48":0,"49":0,"50":0,"51":0,"52":13,"53":0,"54":0,"55":13,"56":0,"57":0,"58":0,"59":0,"60":0,"61":0,"62":0,"63":0,"64":0,"65":0,"66":0,"67":13,"68":26,"69":0,"70":0,"71":0,"72":0,"73":0,"74":0,"75":0,"76":0,"77":13,"78":26},"f":{"0":13,"1":0,"2":7,"3":0,"4":0,"5":0,"6":0,"7":0,"8":0,"9":0,"10":0,"11":0,"12":26,"13":0,"14":0,"15":0,"16":0,"17":0,"18":0,"19":0,"20":0,"21":26},"b":{"0":[13,0],"1":[0,0],"2":[0,7],"3":[6,1],"4":[0,0],"5":[0,0],"6":[0,0],"7":[0,0],"8":[0,0],"9":[0,0],"10":[0,0],"11":[0,0],"12":[0,0],"13":[26,12,12,0],"14":[26,0],"15":[12,14],"16":[26,0],"17":[0,0],"18":[26,0,0],"19":[13,0]},"_coverageSchema":"1a1c01bbd47fc00a2c39e90264f33305004495a9","hash":"6c5bdce87ea4c0bac819c5be4deecd807b8a18f5"}
,"D:\\de351\\pawpaw\\frontend\\src\\components\\CreatePost.js": {"path":"D:\\de351\\pawpaw\\frontend\\src\\components\\CreatePost.js","statementMap":{"0":{"start":{"line":7,"column":19},"end":{"line":101,"column":1}},"1":{"start":{"line":8,"column":32},"end":{"line":8,"column":44}},"2":{"start":{"line":9,"column":30},"end":{"line":9,"column":42}},"3":{"start":{"line":10,"column":19},"end":{"line":10,"column":32}},"4":{"start":{"line":12,"column":28},"end":{"line":14,"column":3}},"5":{"start":{"line":13,"column":4},"end":{"line":13,"column":25}},"6":{"start":{"line":16,"column":23},"end":{"line":53,"column":3}},"7":{"start":{"line":17,"column":4},"end":{"line":17,"column":23}},"8":{"start":{"line":19,"column":18},"end":{"line":19,"column":47}},"9":{"start":{"line":20,"column":4},"end":{"line":25,"column":5}},"10":{"start":{"line":21,"column":6},"end":{"line":21,"column":45}},"11":{"start":{"line":22,"column":6},"end":{"line":22,"column":25}},"12":{"start":{"line":24,"column":6},"end":{"line":24,"column":13}},"13":{"start":{"line":27,"column":4},"end":{"line":52,"column":5}},"14":{"start":{"line":28,"column":23},"end":{"line":28,"column":37}},"15":{"start":{"line":29,"column":6},"end":{"line":29,"column":42}},"16":{"start":{"line":30,"column":6},"end":{"line":32,"column":7}},"17":{"start":{"line":31,"column":8},"end":{"line":31,"column":49}},"18":{"start":{"line":34,"column":23},"end":{"line":42,"column":7}},"19":{"start":{"line":44,"column":6},"end":{"line":49,"column":7}},"20":{"start":{"line":45,"column":24},"end":{"line":45,"column":42}},"21":{"start":{"line":46,"column":8},"end":{"line":46,"column":27}},"22":{"start":{"line":47,"column":8},"end":{"line":47,"column":23}},"23":{"start":{"line":48,"column":8},"end":{"line":48,"column":22}},"24":{"start":{"line":51,"column":6},"end":{"line":51,"column":52}},"25":{"start":{"line":55,"column":2},"end":{"line":100,"column":4}},"26":{"start":{"line":66,"column":27},"end":{"line":66,"column":53}},"27":{"start":{"line":79,"column":12},"end":{"line":86,"column":15}}},"fnMap":{"0":{"name":"(anonymous_0)","decl":{"start":{"line":7,"column":19},"end":{"line":7,"column":20}},"loc":{"start":{"line":7,"column":38},"end":{"line":101,"column":1}},"line":7},"1":{"name":"(anonymous_1)","decl":{"start":{"line":12,"column":28},"end":{"line":12,"column":29}},"loc":{"start":{"line":12,"column":43},"end":{"line":14,"column":3}},"line":12},"2":{"name":"(anonymous_2)","decl":{"start":{"line":16,"column":23},"end":{"line":16,"column":24}},"loc":{"start":{"line":16,"column":36},"end":{"line":53,"column":3}},"line":16},"3":{"name":"(anonymous_3)","decl":{"start":{"line":66,"column":20},"end":{"line":66,"column":21}},"loc":{"start":{"line":66,"column":27},"end":{"line":66,"column":53}},"line":66},"4":{"name":"(anonymous_4)","decl":{"start":{"line":78,"column":11},"end":{"line":78,"column":12}},"loc":{"start":{"line":79,"column":12},"end":{"line":86,"column":15}},"line":79}},"branchMap":{"0":{"loc":{"start":{"line":20,"column":4},"end":{"line":25,"column":5}},"type":"if","locations":[{"start":{"line":20,"column":4},"end":{"line":25,"column":5}},{"start":{},"end":{}}],"line":20},"1":{"loc":{"start":{"line":30,"column":6},"end":{"line":32,"column":7}},"type":"if","locations":[{"start":{"line":30,"column":6},"end":{"line":32,"column":7}},{"start":{},"end":{}}],"line":30},"2":{"loc":{"start":{"line":44,"column":6},"end":{"line":49,"column":7}},"type":"if","locations":[{"start":{"line":44,"column":6},"end":{"line":49,"column":7}},{"start":{},"end":{}}],"line":44},"3":{"loc":{"start":{"line":83,"column":15},"end":{"line":85,"column":15}},"type":"binary-expr","locations":[{"start":{"line":83,"column":15},"end":{"line":83,"column":35}},{"start":{"line":84,"column":16},"end":{"line":84,"column":78}}],"line":83}},"s":{"0":3,"1":9,"2":9,"3":9,"4":9,"5":0,"6":9,"7":2,"8":2,"9":2,"10":1,"11":1,"12":1,"13":1,"14":1,"15":1,"16":1,"17":0,"18":1,"19":0,"20":0,"21":0,"22":0,"23":0,"24":1,"25":9,"26":3,"27":9},"f":{"0":9,"1":0,"2":2,"3":3,"4":9},"b":{"0":[1,1],"1":[0,1],"2":[0,0],"3":[9,0]},"_coverageSchema":"1a1c01bbd47fc00a2c39e90264f33305004495a9","hash":"45f9eb4dce2d3dd8492e30d3590d516dea29474e"}
,"D:\\de351\\pawpaw\\frontend\\src\\components\\DeleteButton.js": {"path":"D:\\de351\\pawpaw\\frontend\\src\\components\\DeleteButton.js","statementMap":{"0":{"start":{"line":13,"column":21},"end":{"line":73,"column":1}},"1":{"start":{"line":14,"column":34},"end":{"line":14,"column":54}},"2":{"start":{"line":15,"column":38},"end":{"line":15,"column":59}},"3":{"start":{"line":16,"column":15},"end":{"line":16,"column":32}},"4":{"start":{"line":18,"column":22},"end":{"line":20,"column":3}},"5":{"start":{"line":19,"column":4},"end":{"line":19,"column":37}},"6":{"start":{"line":22,"column":26},"end":{"line":24,"column":3}},"7":{"start":{"line":23,"column":4},"end":{"line":23,"column":22}},"8":{"start":{"line":26,"column":27},"end":{"line":29,"column":3}},"9":{"start":{"line":27,"column":4},"end":{"line":27,"column":22}},"10":{"start":{"line":28,"column":4},"end":{"line":28,"column":24}},"11":{"start":{"line":31,"column":28},"end":{"line":33,"column":3}},"12":{"start":{"line":32,"column":4},"end":{"line":32,"column":25}},"13":{"start":{"line":35,"column":30},"end":{"line":38,"column":3}},"14":{"start":{"line":36,"column":4},"end":{"line":36,"column":24}},"15":{"start":{"line":37,"column":4},"end":{"line":37,"column":15}},"16":{"start":{"line":40,"column":2},"end":{"line":72,"column":4}}},"fnMap":{"0":{"name":"(anonymous_0)","decl":{"start":{"line":13,"column":21},"end":{"line":13,"column":22}},"loc":{"start":{"line":13,"column":39},"end":{"line":73,"column":1}},"line":13},"1":{"name":"(anonymous_1)","decl":{"start":{"line":18,"column":22},"end":{"line":18,"column":23}},"loc":{"start":{"line":18,"column":33},"end":{"line":20,"column":3}},"line":18},"2":{"name":"(anonymous_2)","decl":{"start":{"line":22,"column":26},"end":{"line":22,"column":27}},"loc":{"start":{"line":22,"column":32},"end":{"line":24,"column":3}},"line":22},"3":{"name":"(anonymous_3)","decl":{"start":{"line":26,"column":27},"end":{"line":26,"column":28}},"loc":{"start":{"line":26,"column":33},"end":{"line":29,"column":3}},"line":26},"4":{"name":"(anonymous_4)","decl":{"start":{"line":31,"column":28},"end":{"line":31,"column":29}},"loc":{"start":{"line":31,"column":34},"end":{"line":33,"column":3}},"line":31},"5":{"name":"(anonymous_5)","decl":{"start":{"line":35,"column":30},"end":{"line":35,"column":31}},"loc":{"start":{"line":35,"column":36},"end":{"line":38,"column":3}},"line":35}},"branchMap":{},"s":{"0":7,"1":13,"2":13,"3":13,"4":13,"5":4,"6":13,"7":3,"8":13,"9":3,"10":3,"11":13,"12":2,"13":13,"14":1,"15":1,"16":13},"f":{"0":13,"1":4,"2":3,"3":3,"4":2,"5":1},"b":{},"_coverageSchema":"1a1c01bbd47fc00a2c39e90264f33305004495a9","hash":"82fb8b717c0bcb01b1769283d4ad145e981c39f8"}
,"D:\\de351\\pawpaw\\frontend\\src\\components\\EditProfile.js": {"path":"D:\\de351\\pawpaw\\frontend\\src\\components\\EditProfile.js","statementMap":{"0":{"start":{"line":5,"column":20},"end":{"line":139,"column":1}},"1":{"start":{"line":6,"column":34},"end":{"line":12,"column":4}},"2":{"start":{"line":13,"column":42},"end":{"line":13,"column":56}},"3":{"start":{"line":15,"column":2},"end":{"line":26,"column":13}},"4":{"start":{"line":16,"column":4},"end":{"line":25,"column":5}},"5":{"start":{"line":17,"column":6},"end":{"line":23,"column":9}},"6":{"start":{"line":24,"column":6},"end":{"line":24,"column":49}},"7":{"start":{"line":28,"column":23},"end":{"line":31,"column":3}},"8":{"start":{"line":29,"column":28},"end":{"line":29,"column":36}},"9":{"start":{"line":30,"column":4},"end":{"line":30,"column":48}},"10":{"start":{"line":33,"column":21},"end":{"line":71,"column":3}},"11":{"start":{"line":34,"column":4},"end":{"line":34,"column":23}},"12":{"start":{"line":35,"column":4},"end":{"line":70,"column":5}},"13":{"start":{"line":36,"column":20},"end":{"line":36,"column":49}},"14":{"start":{"line":37,"column":6},"end":{"line":40,"column":7}},"15":{"start":{"line":38,"column":8},"end":{"line":38,"column":37}},"16":{"start":{"line":39,"column":8},"end":{"line":39,"column":15}},"17":{"start":{"line":42,"column":19},"end":{"line":42,"column":33}},"18":{"start":{"line":43,"column":6},"end":{"line":43,"column":43}},"19":{"start":{"line":44,"column":6},"end":{"line":44,"column":39}},"20":{"start":{"line":45,"column":6},"end":{"line":45,"column":49}},"21":{"start":{"line":46,"column":6},"end":{"line":46,"column":49}},"22":{"start":{"line":47,"column":6},"end":{"line":47,"column":51}},"23":{"start":{"line":49,"column":6},"end":{"line":51,"column":7}},"24":{"start":{"line":50,"column":8},"end":{"line":50,"column":50}},"25":{"start":{"line":53,"column":23},"end":{"line":58,"column":8}},"26":{"start":{"line":60,"column":6},"end":{"line":60,"column":44}},"27":{"start":{"line":61,"column":6},"end":{"line":61,"column":31}},"28":{"start":{"line":64,"column":6},"end":{"line":66,"column":7}},"29":{"start":{"line":65,"column":8},"end":{"line":65,"column":35}},"30":{"start":{"line":68,"column":6},"end":{"line":68,"column":54}},"31":{"start":{"line":69,"column":6},"end":{"line":69,"column":40}},"32":{"start":{"line":73,"column":2},"end":{"line":138,"column":4}},"33":{"start":{"line":109,"column":27},"end":{"line":109,"column":81}},"34":{"start":{"line":114,"column":12},"end":{"line":116,"column":23}},"35":{"start":{"line":123,"column":31},"end":{"line":123,"column":88}},"36":{"start":{"line":130,"column":27},"end":{"line":130,"column":61}}},"fnMap":{"0":{"name":"(anonymous_0)","decl":{"start":{"line":5,"column":20},"end":{"line":5,"column":21}},"loc":{"start":{"line":5,"column":42},"end":{"line":139,"column":1}},"line":5},"1":{"name":"(anonymous_1)","decl":{"start":{"line":15,"column":12},"end":{"line":15,"column":13}},"loc":{"start":{"line":15,"column":18},"end":{"line":26,"column":3}},"line":15},"2":{"name":"(anonymous_2)","decl":{"start":{"line":28,"column":23},"end":{"line":28,"column":24}},"loc":{"start":{"line":28,"column":30},"end":{"line":31,"column":3}},"line":28},"3":{"name":"(anonymous_3)","decl":{"start":{"line":33,"column":21},"end":{"line":33,"column":22}},"loc":{"start":{"line":33,"column":34},"end":{"line":71,"column":3}},"line":33},"4":{"name":"(anonymous_4)","decl":{"start":{"line":109,"column":20},"end":{"line":109,"column":21}},"loc":{"start":{"line":109,"column":27},"end":{"line":109,"column":81}},"line":109},"5":{"name":"(anonymous_5)","decl":{"start":{"line":113,"column":75},"end":{"line":113,"column":76}},"loc":{"start":{"line":114,"column":12},"end":{"line":116,"column":23}},"line":114},"6":{"name":"(anonymous_6)","decl":{"start":{"line":123,"column":24},"end":{"line":123,"column":25}},"loc":{"start":{"line":123,"column":31},"end":{"line":123,"column":88}},"line":123},"7":{"name":"(anonymous_7)","decl":{"start":{"line":130,"column":20},"end":{"line":130,"column":21}},"loc":{"start":{"line":130,"column":27},"end":{"line":130,"column":61}},"line":130}},"branchMap":{"0":{"loc":{"start":{"line":16,"column":4},"end":{"line":25,"column":5}},"type":"if","locations":[{"start":{"line":16,"column":4},"end":{"line":25,"column":5}},{"start":{},"end":{}}],"line":16},"1":{"loc":{"start":{"line":18,"column":15},"end":{"line":18,"column":31}},"type":"binary-expr","locations":[{"start":{"line":18,"column":15},"end":{"line":18,"column":25}},{"start":{"line":18,"column":29},"end":{"line":18,"column":31}}],"line":18},"2":{"loc":{"start":{"line":19,"column":18},"end":{"line":19,"column":37}},"type":"binary-expr","locations":[{"start":{"line":19,"column":18},"end":{"line":19,"column":31}},{"start":{"line":19,"column":35},"end":{"line":19,"column":37}}],"line":19},"3":{"loc":{"start":{"line":20,"column":13},"end":{"line":20,"column":27}},"type":"binary-expr","locations":[{"start":{"line":20,"column":13},"end":{"line":20,"column":21}},{"start":{"line":20,"column":25},"end":{"line":20,"column":27}}],"line":20},"4":{"loc":{"start":{"line":21,"column":18},"end":{"line":21,"column":37}},"type":"binary-expr","locations":[{"start":{"line":21,"column":18},"end":{"line":21,"column":31}},{"start":{"line":21,"column":35},"end":{"line":21,"column":37}}],"line":21},"5":{"loc":{"start":{"line":22,"column":19},"end":{"line":22,"column":42}},"type":"binary-expr","locations":[{"start":{"line":22,"column":19},"end":{"line":22,"column":33}},{"start":{"line":22,"column":37},"end":{"line":22,"column":42}}],"line":22},"6":{"loc":{"start":{"line":24,"column":22},"end":{"line":24,"column":47}},"type":"binary-expr","locations":[{"start":{"line":24,"column":22},"end":{"line":24,"column":39}},{"start":{"line":24,"column":43},"end":{"line":24,"column":47}}],"line":24},"7":{"loc":{"start":{"line":37,"column":6},"end":{"line":40,"column":7}},"type":"if","locations":[{"start":{"line":37,"column":6},"end":{"line":40,"column":7}},{"start":{},"end":{}}],"line":37},"8":{"loc":{"start":{"line":49,"column":6},"end":{"line":51,"column":7}},"type":"if","locations":[{"start":{"line":49,"column":6},"end":{"line":51,"column":7}},{"start":{},"end":{}}],"line":49},"9":{"loc":{"start":{"line":64,"column":6},"end":{"line":66,"column":7}},"type":"if","locations":[{"start":{"line":64,"column":6},"end":{"line":66,"column":7}},{"start":{},"end":{}}],"line":64},"10":{"loc":{"start":{"line":77,"column":9},"end":{"line":79,"column":9}},"type":"binary-expr","locations":[{"start":{"line":77,"column":9},"end":{"line":77,"column":21}},{"start":{"line":78,"column":10},"end":{"line":78,"column":140}}],"line":77}},"s":{"0":4,"1":18,"2":18,"3":18,"4":6,"5":6,"6":6,"7":18,"8":5,"9":5,"10":18,"11":2,"12":2,"13":2,"14":2,"15":2,"16":2,"17":0,"18":0,"19":0,"20":0,"21":0,"22":0,"23":0,"24":0,"25":0,"26":0,"27":0,"28":0,"29":0,"30":0,"31":0,"32":18,"33":0,"34":126,"35":1,"36":0},"f":{"0":18,"1":6,"2":5,"3":2,"4":0,"5":126,"6":1,"7":0},"b":{"0":[6,0],"1":[6,0],"2":[6,0],"3":[6,0],"4":[6,0],"5":[6,0],"6":[6,0],"7":[2,0],"8":[0,0],"9":[0,0],"10":[18,12]},"_coverageSchema":"1a1c01bbd47fc00a2c39e90264f33305004495a9","hash":"ecbbe5a268bcad01b03ce04a59b804b9a369d44e"}
,"D:\\de351\\pawpaw\\frontend\\src\\components\\LikeButton.js": {"path":"D:\\de351\\pawpaw\\frontend\\src\\components\\LikeButton.js","statementMap":{"0":{"start":{"line":6,"column":19},"end":{"line":41,"column":1}},"1":{"start":{"line":8,"column":28},"end":{"line":8,"column":49}},"2":{"start":{"line":9,"column":28},"end":{"line":9,"column":47}},"3":{"start":{"line":12,"column":2},"end":{"line":17,"column":31}},"4":{"start":{"line":13,"column":4},"end":{"line":13,"column":64}},"5":{"start":{"line":14,"column":4},"end":{"line":14,"column":60}},"6":{"start":{"line":15,"column":4},"end":{"line":15,"column":26}},"7":{"start":{"line":16,"column":4},"end":{"line":16,"column":24}},"8":{"start":{"line":19,"column":26},"end":{"line":31,"column":3}},"9":{"start":{"line":20,"column":18},"end":{"line":20,"column":47}},"10":{"start":{"line":21,"column":4},"end":{"line":24,"column":5}},"11":{"start":{"line":22,"column":6},"end":{"line":22,"column":38}},"12":{"start":{"line":23,"column":6},"end":{"line":23,"column":13}},"13":{"start":{"line":25,"column":20},"end":{"line":25,"column":34}},"14":{"start":{"line":26,"column":4},"end":{"line":30,"column":5}},"15":{"start":{"line":27,"column":6},"end":{"line":27,"column":42}},"16":{"start":{"line":27,"column":30},"end":{"line":27,"column":40}},"17":{"start":{"line":28,"column":6},"end":{"line":28,"column":60}},"18":{"start":{"line":28,"column":30},"end":{"line":28,"column":58}},"19":{"start":{"line":29,"column":6},"end":{"line":29,"column":41}},"20":{"start":{"line":33,"column":2},"end":{"line":40,"column":4}}},"fnMap":{"0":{"name":"(anonymous_0)","decl":{"start":{"line":6,"column":19},"end":{"line":6,"column":20}},"loc":{"start":{"line":6,"column":59},"end":{"line":41,"column":1}},"line":6},"1":{"name":"(anonymous_1)","decl":{"start":{"line":12,"column":12},"end":{"line":12,"column":13}},"loc":{"start":{"line":12,"column":18},"end":{"line":17,"column":3}},"line":12},"2":{"name":"(anonymous_2)","decl":{"start":{"line":19,"column":26},"end":{"line":19,"column":27}},"loc":{"start":{"line":19,"column":38},"end":{"line":31,"column":3}},"line":19},"3":{"name":"(anonymous_3)","decl":{"start":{"line":27,"column":15},"end":{"line":27,"column":16}},"loc":{"start":{"line":27,"column":30},"end":{"line":27,"column":40}},"line":27},"4":{"name":"(anonymous_4)","decl":{"start":{"line":28,"column":15},"end":{"line":28,"column":16}},"loc":{"start":{"line":28,"column":30},"end":{"line":28,"column":58}},"line":28}},"branchMap":{"0":{"loc":{"start":{"line":21,"column":4},"end":{"line":24,"column":5}},"type":"if","locations":[{"start":{"line":21,"column":4},"end":{"line":24,"column":5}},{"start":{},"end":{}}],"line":21},"1":{"loc":{"start":{"line":26,"column":4},"end":{"line":30,"column":5}},"type":"if","locations":[{"start":{"line":26,"column":4},"end":{"line":30,"column":5}},{"start":{},"end":{}}],"line":26},"2":{"loc":{"start":{"line":28,"column":43},"end":{"line":28,"column":57}},"type":"cond-expr","locations":[{"start":{"line":28,"column":51},"end":{"line":28,"column":53}},{"start":{"line":28,"column":56},"end":{"line":28,"column":57}}],"line":28},"3":{"loc":{"start":{"line":36,"column":9},"end":{"line":36,"column":72}},"type":"cond-expr","locations":[{"start":{"line":36,"column":17},"end":{"line":36,"column":47}},{"start":{"line":36,"column":50},"end":{"line":36,"column":72}}],"line":36}},"s":{"0":7,"1":29,"2":29,"3":29,"4":29,"5":29,"6":29,"7":29,"8":29,"9":2,"10":2,"11":2,"12":2,"13":0,"14":0,"15":0,"16":0,"17":0,"18":0,"19":0,"20":29},"f":{"0":29,"1":29,"2":2,"3":0,"4":0},"b":{"0":[2,0],"1":[0,0],"2":[0,0],"3":[1,28]},"_coverageSchema":"1a1c01bbd47fc00a2c39e90264f33305004495a9","hash":"7c19f98ff555a91c52690c6419a251f242b7410c"}
,"D:\\de351\\pawpaw\\frontend\\src\\components\\Post.js": {"path":"D:\\de351\\pawpaw\\frontend\\src\\components\\Post.js","statementMap":{"0":{"start":{"line":13,"column":13},"end":{"line":210,"column":1}},"1":{"start":{"line":14,"column":34},"end":{"line":14,"column":46}},"2":{"start":{"line":15,"column":44},"end":{"line":15,"column":58}},"3":{"start":{"line":16,"column":32},"end":{"line":16,"column":44}},"4":{"start":{"line":18,"column":36},"end":{"line":21,"column":4}},"5":{"start":{"line":24,"column":2},"end":{"line":46,"column":22}},"6":{"start":{"line":25,"column":19},"end":{"line":25,"column":49}},"7":{"start":{"line":26,"column":4},"end":{"line":31,"column":5}},"8":{"start":{"line":27,"column":6},"end":{"line":27,"column":31}},"9":{"start":{"line":28,"column":6},"end":{"line":28,"column":45}},"10":{"start":{"line":30,"column":6},"end":{"line":30,"column":58}},"11":{"start":{"line":34,"column":26},"end":{"line":41,"column":5}},"12":{"start":{"line":35,"column":6},"end":{"line":40,"column":7}},"13":{"start":{"line":36,"column":25},"end":{"line":36,"column":104}},"14":{"start":{"line":37,"column":8},"end":{"line":37,"column":44}},"15":{"start":{"line":39,"column":8},"end":{"line":39,"column":58}},"16":{"start":{"line":44,"column":4},"end":{"line":44,"column":20}},"17":{"start":{"line":49,"column":27},"end":{"line":51,"column":3}},"18":{"start":{"line":50,"column":4},"end":{"line":50,"column":65}},"19":{"start":{"line":50,"column":34},"end":{"line":50,"column":63}},"20":{"start":{"line":55,"column":25},"end":{"line":82,"column":3}},"21":{"start":{"line":56,"column":4},"end":{"line":80,"column":5}},"22":{"start":{"line":57,"column":20},"end":{"line":57,"column":49}},"23":{"start":{"line":58,"column":6},"end":{"line":61,"column":7}},"24":{"start":{"line":59,"column":8},"end":{"line":59,"column":49}},"25":{"start":{"line":60,"column":8},"end":{"line":60,"column":21}},"26":{"start":{"line":63,"column":23},"end":{"line":67,"column":7}},"27":{"start":{"line":69,"column":6},"end":{"line":77,"column":7}},"28":{"start":{"line":70,"column":8},"end":{"line":70,"column":57}},"29":{"start":{"line":71,"column":8},"end":{"line":71,"column":55}},"30":{"start":{"line":72,"column":8},"end":{"line":75,"column":12}},"31":{"start":{"line":72,"column":37},"end":{"line":75,"column":9}},"32":{"start":{"line":76,"column":8},"end":{"line":76,"column":20}},"33":{"start":{"line":79,"column":6},"end":{"line":79,"column":61}},"34":{"start":{"line":81,"column":4},"end":{"line":81,"column":17}},"35":{"start":{"line":84,"column":26},"end":{"line":90,"column":3}},"36":{"start":{"line":85,"column":4},"end":{"line":89,"column":7}},"37":{"start":{"line":94,"column":30},"end":{"line":120,"column":3}},"38":{"start":{"line":95,"column":4},"end":{"line":119,"column":5}},"39":{"start":{"line":96,"column":6},"end":{"line":118,"column":7}},"40":{"start":{"line":97,"column":22},"end":{"line":97,"column":51}},"41":{"start":{"line":98,"column":8},"end":{"line":101,"column":9}},"42":{"start":{"line":99,"column":10},"end":{"line":99,"column":45}},"43":{"start":{"line":100,"column":10},"end":{"line":100,"column":17}},"44":{"start":{"line":104,"column":25},"end":{"line":106,"column":10}},"45":{"start":{"line":107,"column":8},"end":{"line":107,"column":34}},"46":{"start":{"line":110,"column":8},"end":{"line":114,"column":9}},"47":{"start":{"line":111,"column":10},"end":{"line":111,"column":61}},"48":{"start":{"line":112,"column":10},"end":{"line":112,"column":50}},"49":{"start":{"line":113,"column":10},"end":{"line":113,"column":25}},"50":{"start":{"line":117,"column":8},"end":{"line":117,"column":58}},"51":{"start":{"line":122,"column":2},"end":{"line":122,"column":49}},"52":{"start":{"line":123,"column":2},"end":{"line":123,"column":49}},"53":{"start":{"line":125,"column":27},"end":{"line":147,"column":3}},"54":{"start":{"line":126,"column":4},"end":{"line":146,"column":5}},"55":{"start":{"line":127,"column":20},"end":{"line":127,"column":49}},"56":{"start":{"line":128,"column":6},"end":{"line":131,"column":7}},"57":{"start":{"line":129,"column":8},"end":{"line":129,"column":51}},"58":{"start":{"line":130,"column":8},"end":{"line":130,"column":15}},"59":{"start":{"line":133,"column":23},"end":{"line":135,"column":8}},"60":{"start":{"line":137,"column":6},"end":{"line":137,"column":48}},"61":{"start":{"line":138,"column":6},"end":{"line":142,"column":7}},"62":{"start":{"line":139,"column":8},"end":{"line":139,"column":44}},"63":{"start":{"line":141,"column":8},"end":{"line":141,"column":40}},"64":{"start":{"line":144,"column":6},"end":{"line":144,"column":53}},"65":{"start":{"line":145,"column":6},"end":{"line":145,"column":37}},"66":{"start":{"line":151,"column":2},"end":{"line":209,"column":4}},"67":{"start":{"line":157,"column":42},"end":{"line":157,"column":73}},"68":{"start":{"line":192,"column":27},"end":{"line":192,"column":53}}},"fnMap":{"0":{"name":"(anonymous_0)","decl":{"start":{"line":13,"column":13},"end":{"line":13,"column":14}},"loc":{"start":{"line":13,"column":27},"end":{"line":210,"column":1}},"line":13},"1":{"name":"(anonymous_1)","decl":{"start":{"line":24,"column":12},"end":{"line":24,"column":13}},"loc":{"start":{"line":24,"column":18},"end":{"line":46,"column":3}},"line":24},"2":{"name":"(anonymous_2)","decl":{"start":{"line":34,"column":26},"end":{"line":34,"column":27}},"loc":{"start":{"line":34,"column":38},"end":{"line":41,"column":5}},"line":34},"3":{"name":"(anonymous_3)","decl":{"start":{"line":49,"column":27},"end":{"line":49,"column":28}},"loc":{"start":{"line":49,"column":43},"end":{"line":51,"column":3}},"line":49},"4":{"name":"(anonymous_4)","decl":{"start":{"line":50,"column":16},"end":{"line":50,"column":17}},"loc":{"start":{"line":50,"column":34},"end":{"line":50,"column":63}},"line":50},"5":{"name":"(anonymous_5)","decl":{"start":{"line":55,"column":25},"end":{"line":55,"column":26}},"loc":{"start":{"line":55,"column":37},"end":{"line":82,"column":3}},"line":55},"6":{"name":"(anonymous_6)","decl":{"start":{"line":72,"column":21},"end":{"line":72,"column":22}},"loc":{"start":{"line":72,"column":37},"end":{"line":75,"column":9}},"line":72},"7":{"name":"(anonymous_7)","decl":{"start":{"line":84,"column":26},"end":{"line":84,"column":27}},"loc":{"start":{"line":84,"column":32},"end":{"line":90,"column":3}},"line":84},"8":{"name":"(anonymous_8)","decl":{"start":{"line":94,"column":30},"end":{"line":94,"column":31}},"loc":{"start":{"line":94,"column":42},"end":{"line":120,"column":3}},"line":94},"9":{"name":"(anonymous_9)","decl":{"start":{"line":125,"column":27},"end":{"line":125,"column":28}},"loc":{"start":{"line":125,"column":45},"end":{"line":147,"column":3}},"line":125},"10":{"name":"(anonymous_10)","decl":{"start":{"line":157,"column":36},"end":{"line":157,"column":37}},"loc":{"start":{"line":157,"column":42},"end":{"line":157,"column":73}},"line":157},"11":{"name":"(anonymous_11)","decl":{"start":{"line":192,"column":20},"end":{"line":192,"column":21}},"loc":{"start":{"line":192,"column":27},"end":{"line":192,"column":53}},"line":192}},"branchMap":{"0":{"loc":{"start":{"line":20,"column":11},"end":{"line":20,"column":54}},"type":"cond-expr","locations":[{"start":{"line":20,"column":39},"end":{"line":20,"column":49}},{"start":{"line":20,"column":52},"end":{"line":20,"column":54}}],"line":20},"1":{"loc":{"start":{"line":26,"column":4},"end":{"line":31,"column":5}},"type":"if","locations":[{"start":{"line":26,"column":4},"end":{"line":31,"column":5}},{"start":{"line":29,"column":11},"end":{"line":31,"column":5}}],"line":26},"2":{"loc":{"start":{"line":58,"column":6},"end":{"line":61,"column":7}},"type":"if","locations":[{"start":{"line":58,"column":6},"end":{"line":61,"column":7}},{"start":{},"end":{}}],"line":58},"3":{"loc":{"start":{"line":69,"column":6},"end":{"line":77,"column":7}},"type":"if","locations":[{"start":{"line":69,"column":6},"end":{"line":77,"column":7}},{"start":{},"end":{}}],"line":69},"4":{"loc":{"start":{"line":86,"column":13},"end":{"line":86,"column":56}},"type":"binary-expr","locations":[{"start":{"line":86,"column":13},"end":{"line":86,"column":30}},{"start":{"line":86,"column":34},"end":{"line":86,"column":56}}],"line":86},"5":{"loc":{"start":{"line":95,"column":4},"end":{"line":119,"column":5}},"type":"if","locations":[{"start":{"line":95,"column":4},"end":{"line":119,"column":5}},{"start":{},"end":{}}],"line":95},"6":{"loc":{"start":{"line":98,"column":8},"end":{"line":101,"column":9}},"type":"if","locations":[{"start":{"line":98,"column":8},"end":{"line":101,"column":9}},{"start":{},"end":{}}],"line":98},"7":{"loc":{"start":{"line":110,"column":8},"end":{"line":114,"column":9}},"type":"if","locations":[{"start":{"line":110,"column":8},"end":{"line":114,"column":9}},{"start":{},"end":{}}],"line":110},"8":{"loc":{"start":{"line":128,"column":6},"end":{"line":131,"column":7}},"type":"if","locations":[{"start":{"line":128,"column":6},"end":{"line":131,"column":7}},{"start":{},"end":{}}],"line":128},"9":{"loc":{"start":{"line":138,"column":6},"end":{"line":142,"column":7}},"type":"if","locations":[{"start":{"line":138,"column":6},"end":{"line":142,"column":7}},{"start":{"line":140,"column":13},"end":{"line":142,"column":7}}],"line":138},"10":{"loc":{"start":{"line":155,"column":8},"end":{"line":159,"column":9}},"type":"binary-expr","locations":[{"start":{"line":155,"column":8},"end":{"line":155,"column":21}},{"start":{"line":155,"column":25},"end":{"line":155,"column":41}},{"start":{"line":155,"column":45},"end":{"line":155,"column":65}},{"start":{"line":155,"column":69},"end":{"line":155,"column":129}},{"start":{"line":156,"column":10},"end":{"line":158,"column":16}}],"line":155},"11":{"loc":{"start":{"line":169,"column":9},"end":{"line":175,"column":11}},"type":"binary-expr","locations":[{"start":{"line":169,"column":9},"end":{"line":169,"column":25}},{"start":{"line":169,"column":29},"end":{"line":169,"column":56}},{"start":{"line":170,"column":10},"end":{"line":174,"column":12}}],"line":169},"12":{"loc":{"start":{"line":181,"column":23},"end":{"line":181,"column":86}},"type":"cond-expr","locations":[{"start":{"line":181,"column":39},"end":{"line":181,"column":78}},{"start":{"line":181,"column":81},"end":{"line":181,"column":86}}],"line":181},"13":{"loc":{"start":{"line":203,"column":7},"end":{"line":207,"column":7}},"type":"binary-expr","locations":[{"start":{"line":203,"column":7},"end":{"line":203,"column":26}},{"start":{"line":204,"column":8},"end":{"line":206,"column":22}}],"line":203}},"s":{"0":5,"1":36,"2":36,"3":36,"4":36,"5":36,"6":0,"7":0,"8":0,"9":0,"10":0,"11":0,"12":0,"13":0,"14":0,"15":0,"16":0,"17":36,"18":0,"19":0,"20":36,"21":0,"22":0,"23":0,"24":0,"25":0,"26":0,"27":0,"28":0,"29":0,"30":0,"31":0,"32":0,"33":0,"34":0,"35":36,"36":0,"37":36,"38":0,"39":0,"40":0,"41":0,"42":0,"43":0,"44":0,"45":0,"46":0,"47":0,"48":0,"49":0,"50":0,"51":36,"52":36,"53":36,"54":0,"55":0,"56":0,"57":0,"58":0,"59":0,"60":0,"61":0,"62":0,"63":0,"64":0,"65":0,"66":36,"67":0,"68":0},"f":{"0":36,"1":0,"2":0,"3":0,"4":0,"5":0,"6":0,"7":0,"8":0,"9":0,"10":0,"11":0},"b":{"0":[24,12],"1":[0,0],"2":[0,0],"3":[0,0],"4":[0,0],"5":[0,0],"6":[0,0],"7":[0,0],"8":[0,0],"9":[0,0],"10":[36,0,0,0,0],"11":[0,0,0],"12":[0,0],"13":[0,0]},"_coverageSchema":"1a1c01bbd47fc00a2c39e90264f33305004495a9","hash":"047e1db042b526db642a0cb816be5104d1a43687"}
,"D:\\de351\\pawpaw\\frontend\\src\\components\\Sidebar.js": {"path":"D:\\de351\\pawpaw\\frontend\\src\\components\\Sidebar.js","statementMap":{"0":{"start":{"line":7,"column":20},"end":{"line":7,"column":23}},"1":{"start":{"line":9,"column":20},"end":{"line":16,"column":2}},"2":{"start":{"line":9,"column":32},"end":{"line":16,"column":1}},"3":{"start":{"line":18,"column":20},"end":{"line":28,"column":2}},"4":{"start":{"line":18,"column":32},"end":{"line":28,"column":1}},"5":{"start":{"line":30,"column":21},"end":{"line":36,"column":3}},"6":{"start":{"line":30,"column":51},"end":{"line":36,"column":1}},"7":{"start":{"line":38,"column":15},"end":{"line":54,"column":3}},"8":{"start":{"line":39,"column":31},"end":{"line":39,"column":46}},"9":{"start":{"line":40,"column":25},"end":{"line":54,"column":1}},"10":{"start":{"line":56,"column":15},"end":{"line":71,"column":1}},"11":{"start":{"line":56,"column":64},"end":{"line":56,"column":79}},"12":{"start":{"line":57,"column":24},"end":{"line":70,"column":3}},"13":{"start":{"line":74,"column":16},"end":{"line":74,"column":26}},"14":{"start":{"line":75,"column":26},"end":{"line":75,"column":47}},"15":{"start":{"line":77,"column":27},"end":{"line":79,"column":3}},"16":{"start":{"line":78,"column":4},"end":{"line":78,"column":18}},"17":{"start":{"line":81,"column":28},"end":{"line":83,"column":3}},"18":{"start":{"line":82,"column":4},"end":{"line":82,"column":19}},"19":{"start":{"line":84,"column":2},"end":{"line":165,"column":4}}},"fnMap":{"0":{"name":"(anonymous_0)","decl":{"start":{"line":9,"column":20},"end":{"line":9,"column":21}},"loc":{"start":{"line":9,"column":32},"end":{"line":16,"column":1}},"line":9},"1":{"name":"(anonymous_1)","decl":{"start":{"line":18,"column":20},"end":{"line":18,"column":21}},"loc":{"start":{"line":18,"column":32},"end":{"line":28,"column":1}},"line":18},"2":{"name":"(anonymous_2)","decl":{"start":{"line":30,"column":35},"end":{"line":30,"column":36}},"loc":{"start":{"line":30,"column":51},"end":{"line":36,"column":1}},"line":30},"3":{"name":"(anonymous_3)","decl":{"start":{"line":39,"column":21},"end":{"line":39,"column":22}},"loc":{"start":{"line":39,"column":31},"end":{"line":39,"column":46}},"line":39},"4":{"name":"(anonymous_4)","decl":{"start":{"line":40,"column":3},"end":{"line":40,"column":4}},"loc":{"start":{"line":40,"column":25},"end":{"line":54,"column":1}},"line":40},"5":{"name":"(anonymous_5)","decl":{"start":{"line":56,"column":54},"end":{"line":56,"column":55}},"loc":{"start":{"line":56,"column":64},"end":{"line":56,"column":79}},"line":56},"6":{"name":"(anonymous_6)","decl":{"start":{"line":57,"column":2},"end":{"line":57,"column":3}},"loc":{"start":{"line":57,"column":24},"end":{"line":70,"column":3}},"line":57},"7":{"name":"Sidebar","decl":{"start":{"line":73,"column":24},"end":{"line":73,"column":31}},"loc":{"start":{"line":73,"column":58},"end":{"line":166,"column":1}},"line":73},"8":{"name":"(anonymous_8)","decl":{"start":{"line":77,"column":27},"end":{"line":77,"column":28}},"loc":{"start":{"line":77,"column":33},"end":{"line":79,"column":3}},"line":77},"9":{"name":"(anonymous_9)","decl":{"start":{"line":81,"column":28},"end":{"line":81,"column":29}},"loc":{"start":{"line":81,"column":34},"end":{"line":83,"column":3}},"line":81}},"branchMap":{"0":{"loc":{"start":{"line":46,"column":6},"end":{"line":53,"column":3}},"type":"binary-expr","locations":[{"start":{"line":46,"column":6},"end":{"line":46,"column":10}},{"start":{"line":46,"column":14},"end":{"line":53,"column":3}}],"line":46},"1":{"loc":{"start":{"line":62,"column":8},"end":{"line":65,"column":5}},"type":"binary-expr","locations":[{"start":{"line":62,"column":8},"end":{"line":62,"column":12}},{"start":{"line":62,"column":16},"end":{"line":65,"column":5}}],"line":62},"2":{"loc":{"start":{"line":66,"column":8},"end":{"line":69,"column":5}},"type":"binary-expr","locations":[{"start":{"line":66,"column":8},"end":{"line":66,"column":13}},{"start":{"line":66,"column":17},"end":{"line":69,"column":5}}],"line":66},"3":{"loc":{"start":{"line":96,"column":18},"end":{"line":96,"column":45}},"type":"binary-expr","locations":[{"start":{"line":96,"column":18},"end":{"line":96,"column":22}},{"start":{"line":96,"column":26},"end":{"line":96,"column":45}}],"line":96},"4":{"loc":{"start":{"line":105,"column":13},"end":{"line":138,"column":13}},"type":"cond-expr","locations":[{"start":{"line":106,"column":16},"end":{"line":121,"column":25}},{"start":{"line":123,"column":16},"end":{"line":137,"column":25}}],"line":105},"5":{"loc":{"start":{"line":145,"column":13},"end":{"line":145,"column":83}},"type":"cond-expr","locations":[{"start":{"line":145,"column":41},"end":{"line":145,"column":61}},{"start":{"line":145,"column":64},"end":{"line":145,"column":83}}],"line":145}},"s":{"0":3,"1":3,"2":0,"3":3,"4":30,"5":3,"6":15,"7":3,"8":48,"9":15,"10":3,"11":48,"12":15,"13":15,"14":15,"15":15,"16":0,"17":15,"18":0,"19":15},"f":{"0":0,"1":30,"2":15,"3":48,"4":15,"5":48,"6":15,"7":15,"8":0,"9":0},"b":{"0":[15,0],"1":[15,0],"2":[15,15],"3":[15,0],"4":[11,4],"5":[0,15]},"_coverageSchema":"1a1c01bbd47fc00a2c39e90264f33305004495a9","hash":"68b69458efd009a4ca3edc7c6b52659d471e8380"}
,"D:\\de351\\pawpaw\\frontend\\src\\components\\shareUtil.js": {"path":"D:\\de351\\pawpaw\\frontend\\src\\components\\shareUtil.js","statementMap":{"0":{"start":{"line":2,"column":28},"end":{"line":18,"column":3}},"1":{"start":{"line":3,"column":4},"end":{"line":17,"column":5}},"2":{"start":{"line":4,"column":6},"end":{"line":9,"column":7}},"3":{"start":{"line":5,"column":8},"end":{"line":5,"column":52}},"4":{"start":{"line":6,"column":8},"end":{"line":6,"column":52}},"5":{"start":{"line":8,"column":8},"end":{"line":8,"column":55}},"6":{"start":{"line":11,"column":6},"end":{"line":16,"column":7}},"7":{"start":{"line":12,"column":8},"end":{"line":12,"column":49}},"8":{"start":{"line":13,"column":8},"end":{"line":13,"column":43}},"9":{"start":{"line":15,"column":8},"end":{"line":15,"column":53}}},"fnMap":{"0":{"name":"(anonymous_0)","decl":{"start":{"line":2,"column":28},"end":{"line":2,"column":29}},"loc":{"start":{"line":2,"column":60},"end":{"line":18,"column":3}},"line":2}},"branchMap":{"0":{"loc":{"start":{"line":3,"column":4},"end":{"line":17,"column":5}},"type":"if","locations":[{"start":{"line":3,"column":4},"end":{"line":17,"column":5}},{"start":{"line":10,"column":11},"end":{"line":17,"column":5}}],"line":3}},"s":{"0":5,"1":3,"2":1,"3":1,"4":1,"5":0,"6":2,"7":2,"8":1,"9":1},"f":{"0":3},"b":{"0":[1,2]},"_coverageSchema":"1a1c01bbd47fc00a2c39e90264f33305004495a9","hash":"cef673f5058023b5723c5f3afbe82d0373af68f7"}
,"D:\\de351\\pawpaw\\frontend\\src\\pages\\Forum.js": {"path":"D:\\de351\\pawpaw\\frontend\\src\\pages\\Forum.js","statementMap":{"0":{"start":{"line":8,"column":14},"end":{"line":70,"column":1}},"1":{"start":{"line":9,"column":28},"end":{"line":9,"column":40}},"2":{"start":{"line":10,"column":46},"end":{"line":10,"column":61}},"3":{"start":{"line":12,"column":2},"end":{"line":25,"column":9}},"4":{"start":{"line":13,"column":23},"end":{"line":22,"column":5}},"5":{"start":{"line":14,"column":6},"end":{"line":21,"column":7}},"6":{"start":{"line":15,"column":25},"end":{"line":15,"column":76}},"7":{"start":{"line":16,"column":8},"end":{"line":18,"column":9}},"8":{"start":{"line":17,"column":10},"end":{"line":17,"column":40}},"9":{"start":{"line":20,"column":8},"end":{"line":20,"column":55}},"10":{"start":{"line":24,"column":4},"end":{"line":24,"column":17}},"11":{"start":{"line":28,"column":24},"end":{"line":31,"column":3}},"12":{"start":{"line":29,"column":4},"end":{"line":29,"column":34}},"13":{"start":{"line":30,"column":4},"end":{"line":30,"column":29}},"14":{"start":{"line":33,"column":2},"end":{"line":69,"column":4}},"15":{"start":{"line":44,"column":8},"end":{"line":44,"column":52}},"16":{"start":{"line":52,"column":21},"end":{"line":52,"column":44}},"17":{"start":{"line":59,"column":49},"end":{"line":59,"column":73}},"18":{"start":{"line":65,"column":31},"end":{"line":65,"column":55}}},"fnMap":{"0":{"name":"(anonymous_0)","decl":{"start":{"line":8,"column":14},"end":{"line":8,"column":15}},"loc":{"start":{"line":8,"column":20},"end":{"line":70,"column":1}},"line":8},"1":{"name":"(anonymous_1)","decl":{"start":{"line":12,"column":12},"end":{"line":12,"column":13}},"loc":{"start":{"line":12,"column":18},"end":{"line":25,"column":3}},"line":12},"2":{"name":"(anonymous_2)","decl":{"start":{"line":13,"column":23},"end":{"line":13,"column":24}},"loc":{"start":{"line":13,"column":35},"end":{"line":22,"column":5}},"line":13},"3":{"name":"(anonymous_3)","decl":{"start":{"line":28,"column":24},"end":{"line":28,"column":25}},"loc":{"start":{"line":28,"column":37},"end":{"line":31,"column":3}},"line":28},"4":{"name":"(anonymous_4)","decl":{"start":{"line":43,"column":17},"end":{"line":43,"column":18}},"loc":{"start":{"line":44,"column":8},"end":{"line":44,"column":52}},"line":44},"5":{"name":"(anonymous_5)","decl":{"start":{"line":52,"column":15},"end":{"line":52,"column":16}},"loc":{"start":{"line":52,"column":21},"end":{"line":52,"column":44}},"line":52},"6":{"name":"(anonymous_6)","decl":{"start":{"line":59,"column":43},"end":{"line":59,"column":44}},"loc":{"start":{"line":59,"column":49},"end":{"line":59,"column":73}},"line":59},"7":{"name":"(anonymous_7)","decl":{"start":{"line":65,"column":25},"end":{"line":65,"column":26}},"loc":{"start":{"line":65,"column":31},"end":{"line":65,"column":55}},"line":65}},"branchMap":{"0":{"loc":{"start":{"line":16,"column":8},"end":{"line":18,"column":9}},"type":"if","locations":[{"start":{"line":16,"column":8},"end":{"line":18,"column":9}},{"start":{},"end":{}}],"line":16},"1":{"loc":{"start":{"line":44,"column":19},"end":{"line":44,"column":36}},"type":"binary-expr","locations":[{"start":{"line":44,"column":19},"end":{"line":44,"column":27}},{"start":{"line":44,"column":31},"end":{"line":44,"column":36}}],"line":44}},"s":{"0":3,"1":12,"2":11,"3":11,"4":4,"5":4,"6":4,"7":4,"8":2,"9":2,"10":4,"11":11,"12":1,"13":1,"14":11,"15":6,"16":2,"17":0,"18":1},"f":{"0":12,"1":4,"2":4,"3":1,"4":6,"5":2,"6":0,"7":1},"b":{"0":[2,0],"1":[6,2]},"_coverageSchema":"1a1c01bbd47fc00a2c39e90264f33305004495a9","hash":"8a0c67aa8c97e016d32e84e196a9aeec5b6cedab"}
,"D:\\de351\\pawpaw\\frontend\\src\\pages\\Home.js": {"path":"D:\\de351\\pawpaw\\frontend\\src\\pages\\Home.js","statementMap":{"0":{"start":{"line":20,"column":21},"end":{"line":25,"column":1}},"1":{"start":{"line":27,"column":18},"end":{"line":32,"column":1}},"2":{"start":{"line":34,"column":13},"end":{"line":110,"column":1}},"3":{"start":{"line":35,"column":40},"end":{"line":35,"column":52}},"4":{"start":{"line":37,"column":50},"end":{"line":37,"column":61}},"5":{"start":{"line":39,"column":19},"end":{"line":47,"column":3}},"6":{"start":{"line":49,"column":2},"end":{"line":54,"column":9}},"7":{"start":{"line":50,"column":21},"end":{"line":52,"column":12}},"8":{"start":{"line":51,"column":6},"end":{"line":51,"column":80}},"9":{"start":{"line":51,"column":41},"end":{"line":51,"column":78}},"10":{"start":{"line":53,"column":4},"end":{"line":53,"column":41}},"11":{"start":{"line":53,"column":17},"end":{"line":53,"column":40}},"12":{"start":{"line":56,"column":24},"end":{"line":58,"column":3}},"13":{"start":{"line":57,"column":4},"end":{"line":57,"column":64}},"14":{"start":{"line":60,"column":2},"end":{"line":109,"column":4}},"15":{"start":{"line":67,"column":27},"end":{"line":67,"column":57}},"16":{"start":{"line":83,"column":14},"end":{"line":88,"column":20}},"17":{"start":{"line":100,"column":12},"end":{"line":104,"column":18}}},"fnMap":{"0":{"name":"(anonymous_0)","decl":{"start":{"line":34,"column":13},"end":{"line":34,"column":14}},"loc":{"start":{"line":34,"column":19},"end":{"line":110,"column":1}},"line":34},"1":{"name":"(anonymous_1)","decl":{"start":{"line":49,"column":12},"end":{"line":49,"column":13}},"loc":{"start":{"line":49,"column":18},"end":{"line":54,"column":3}},"line":49},"2":{"name":"(anonymous_2)","decl":{"start":{"line":50,"column":33},"end":{"line":50,"column":34}},"loc":{"start":{"line":50,"column":39},"end":{"line":52,"column":5}},"line":50},"3":{"name":"(anonymous_3)","decl":{"start":{"line":51,"column":26},"end":{"line":51,"column":27}},"loc":{"start":{"line":51,"column":41},"end":{"line":51,"column":78}},"line":51},"4":{"name":"(anonymous_4)","decl":{"start":{"line":53,"column":11},"end":{"line":53,"column":12}},"loc":{"start":{"line":53,"column":17},"end":{"line":53,"column":40}},"line":53},"5":{"name":"(anonymous_5)","decl":{"start":{"line":56,"column":41},"end":{"line":56,"column":42}},"loc":{"start":{"line":57,"column":4},"end":{"line":57,"column":64}},"line":57},"6":{"name":"(anonymous_6)","decl":{"start":{"line":67,"column":20},"end":{"line":67,"column":21}},"loc":{"start":{"line":67,"column":27},"end":{"line":67,"column":57}},"line":67},"7":{"name":"(anonymous_7)","decl":{"start":{"line":82,"column":30},"end":{"line":82,"column":31}},"loc":{"start":{"line":83,"column":14},"end":{"line":88,"column":20}},"line":83},"8":{"name":"(anonymous_8)","decl":{"start":{"line":99,"column":28},"end":{"line":99,"column":29}},"loc":{"start":{"line":100,"column":12},"end":{"line":104,"column":18}},"line":100}},"branchMap":{"0":{"loc":{"start":{"line":81,"column":11},"end":{"line":92,"column":11}},"type":"cond-expr","locations":[{"start":{"line":82,"column":12},"end":{"line":89,"column":14}},{"start":{"line":91,"column":12},"end":{"line":91,"column":33}}],"line":81}},"s":{"0":3,"1":3,"2":3,"3":13,"4":13,"5":13,"6":13,"7":10,"8":0,"9":0,"10":10,"11":9,"12":13,"13":52,"14":13,"15":1,"16":49,"17":52},"f":{"0":13,"1":10,"2":0,"3":0,"4":9,"5":52,"6":1,"7":49,"8":52},"b":{"0":[13,0]},"_coverageSchema":"1a1c01bbd47fc00a2c39e90264f33305004495a9","hash":"c798b9845c19b99c9d0b47ae100b2b35eaf0290e"}
,"D:\\de351\\pawpaw\\frontend\\src\\pages\\Login.js": {"path":"D:\\de351\\pawpaw\\frontend\\src\\pages\\Login.js","statementMap":{"0":{"start":{"line":7,"column":14},"end":{"line":148,"column":1}},"1":{"start":{"line":8,"column":34},"end":{"line":8,"column":76}},"2":{"start":{"line":9,"column":19},"end":{"line":9,"column":32}},"3":{"start":{"line":11,"column":23},"end":{"line":13,"column":3}},"4":{"start":{"line":12,"column":4},"end":{"line":12,"column":66}},"5":{"start":{"line":15,"column":23},"end":{"line":45,"column":3}},"6":{"start":{"line":16,"column":4},"end":{"line":16,"column":23}},"7":{"start":{"line":17,"column":4},"end":{"line":44,"column":5}},"8":{"start":{"line":18,"column":23},"end":{"line":18,"column":87}},"9":{"start":{"line":19,"column":6},"end":{"line":40,"column":7}},"10":{"start":{"line":20,"column":8},"end":{"line":20,"column":35}},"11":{"start":{"line":23,"column":44},"end":{"line":23,"column":57}},"12":{"start":{"line":26,"column":8},"end":{"line":26,"column":45}},"13":{"start":{"line":27,"column":8},"end":{"line":27,"column":47}},"14":{"start":{"line":28,"column":8},"end":{"line":28,"column":51}},"15":{"start":{"line":30,"column":8},"end":{"line":30,"column":41}},"16":{"start":{"line":31,"column":8},"end":{"line":31,"column":40}},"17":{"start":{"line":32,"column":8},"end":{"line":32,"column":43}},"18":{"start":{"line":34,"column":8},"end":{"line":34,"column":84}},"19":{"start":{"line":36,"column":8},"end":{"line":36,"column":18}},"20":{"start":{"line":37,"column":8},"end":{"line":37,"column":22}},"21":{"start":{"line":39,"column":8},"end":{"line":39,"column":87}},"22":{"start":{"line":42,"column":6},"end":{"line":42,"column":37}},"23":{"start":{"line":43,"column":6},"end":{"line":43,"column":76}},"24":{"start":{"line":48,"column":2},"end":{"line":147,"column":4}}},"fnMap":{"0":{"name":"(anonymous_0)","decl":{"start":{"line":7,"column":14},"end":{"line":7,"column":15}},"loc":{"start":{"line":7,"column":31},"end":{"line":148,"column":1}},"line":7},"1":{"name":"(anonymous_1)","decl":{"start":{"line":11,"column":23},"end":{"line":11,"column":24}},"loc":{"start":{"line":11,"column":30},"end":{"line":13,"column":3}},"line":11},"2":{"name":"(anonymous_2)","decl":{"start":{"line":15,"column":23},"end":{"line":15,"column":24}},"loc":{"start":{"line":15,"column":36},"end":{"line":45,"column":3}},"line":15}},"branchMap":{"0":{"loc":{"start":{"line":19,"column":6},"end":{"line":40,"column":7}},"type":"if","locations":[{"start":{"line":19,"column":6},"end":{"line":40,"column":7}},{"start":{"line":38,"column":13},"end":{"line":40,"column":7}}],"line":19},"1":{"loc":{"start":{"line":39,"column":14},"end":{"line":39,"column":85}},"type":"binary-expr","locations":[{"start":{"line":39,"column":14},"end":{"line":39,"column":35}},{"start":{"line":39,"column":39},"end":{"line":39,"column":85}}],"line":39}},"s":{"0":3,"1":14,"2":14,"3":14,"4":5,"5":14,"6":2,"7":2,"8":2,"9":1,"10":1,"11":1,"12":1,"13":1,"14":1,"15":1,"16":1,"17":1,"18":1,"19":1,"20":1,"21":0,"22":1,"23":1,"24":14},"f":{"0":14,"1":5,"2":2},"b":{"0":[1,0],"1":[0,0]},"_coverageSchema":"1a1c01bbd47fc00a2c39e90264f33305004495a9","hash":"3effba5fb3aa0c83c33467daebc50a9709351e01"}
,"D:\\de351\\pawpaw\\frontend\\src\\pages\\Profile.js": {"path":"D:\\de351\\pawpaw\\frontend\\src\\pages\\Profile.js","statementMap":{"0":{"start":{"line":7,"column":16},"end":{"line":117,"column":1}},"1":{"start":{"line":8,"column":26},"end":{"line":11,"column":4}},"2":{"start":{"line":12,"column":28},"end":{"line":12,"column":40}},"3":{"start":{"line":13,"column":19},"end":{"line":13,"column":32}},"4":{"start":{"line":14,"column":36},"end":{"line":14,"column":51}},"5":{"start":{"line":16,"column":2},"end":{"line":56,"column":17}},"6":{"start":{"line":17,"column":18},"end":{"line":17,"column":47}},"7":{"start":{"line":18,"column":19},"end":{"line":18,"column":49}},"8":{"start":{"line":20,"column":4},"end":{"line":24,"column":5}},"9":{"start":{"line":21,"column":6},"end":{"line":21,"column":59}},"10":{"start":{"line":22,"column":6},"end":{"line":22,"column":25}},"11":{"start":{"line":23,"column":6},"end":{"line":23,"column":13}},"12":{"start":{"line":27,"column":4},"end":{"line":41,"column":9}},"13":{"start":{"line":34,"column":8},"end":{"line":34,"column":35}},"14":{"start":{"line":35,"column":8},"end":{"line":35,"column":31}},"15":{"start":{"line":38,"column":8},"end":{"line":38,"column":58}},"16":{"start":{"line":39,"column":8},"end":{"line":39,"column":64}},"17":{"start":{"line":40,"column":8},"end":{"line":40,"column":27}},"18":{"start":{"line":44,"column":4},"end":{"line":55,"column":9}},"19":{"start":{"line":51,"column":8},"end":{"line":51,"column":38}},"20":{"start":{"line":54,"column":8},"end":{"line":54,"column":59}},"21":{"start":{"line":59,"column":25},"end":{"line":61,"column":3}},"22":{"start":{"line":60,"column":4},"end":{"line":60,"column":29}},"23":{"start":{"line":64,"column":21},"end":{"line":67,"column":3}},"24":{"start":{"line":65,"column":4},"end":{"line":65,"column":25}},"25":{"start":{"line":66,"column":4},"end":{"line":66,"column":24}},"26":{"start":{"line":70,"column":2},"end":{"line":72,"column":3}},"27":{"start":{"line":71,"column":4},"end":{"line":71,"column":16}},"28":{"start":{"line":74,"column":2},"end":{"line":116,"column":4}},"29":{"start":{"line":109,"column":12},"end":{"line":109,"column":47}},"30":{"start":{"line":119,"column":15},"end":{"line":148,"column":1}}},"fnMap":{"0":{"name":"(anonymous_0)","decl":{"start":{"line":7,"column":16},"end":{"line":7,"column":17}},"loc":{"start":{"line":7,"column":22},"end":{"line":117,"column":1}},"line":7},"1":{"name":"(anonymous_1)","decl":{"start":{"line":16,"column":12},"end":{"line":16,"column":13}},"loc":{"start":{"line":16,"column":18},"end":{"line":56,"column":3}},"line":16},"2":{"name":"(anonymous_2)","decl":{"start":{"line":33,"column":12},"end":{"line":33,"column":13}},"loc":{"start":{"line":33,"column":26},"end":{"line":36,"column":7}},"line":33},"3":{"name":"(anonymous_3)","decl":{"start":{"line":37,"column":13},"end":{"line":37,"column":14}},"loc":{"start":{"line":37,"column":24},"end":{"line":41,"column":7}},"line":37},"4":{"name":"(anonymous_4)","decl":{"start":{"line":50,"column":12},"end":{"line":50,"column":13}},"loc":{"start":{"line":50,"column":26},"end":{"line":52,"column":7}},"line":50},"5":{"name":"(anonymous_5)","decl":{"start":{"line":53,"column":13},"end":{"line":53,"column":14}},"loc":{"start":{"line":53,"column":24},"end":{"line":55,"column":7}},"line":53},"6":{"name":"(anonymous_6)","decl":{"start":{"line":59,"column":25},"end":{"line":59,"column":26}},"loc":{"start":{"line":59,"column":31},"end":{"line":61,"column":3}},"line":59},"7":{"name":"(anonymous_7)","decl":{"start":{"line":64,"column":21},"end":{"line":64,"column":22}},"loc":{"start":{"line":64,"column":38},"end":{"line":67,"column":3}},"line":64},"8":{"name":"(anonymous_8)","decl":{"start":{"line":108,"column":20},"end":{"line":108,"column":21}},"loc":{"start":{"line":109,"column":12},"end":{"line":109,"column":47}},"line":109}},"branchMap":{"0":{"loc":{"start":{"line":20,"column":4},"end":{"line":24,"column":5}},"type":"if","locations":[{"start":{"line":20,"column":4},"end":{"line":24,"column":5}},{"start":{},"end":{}}],"line":20},"1":{"loc":{"start":{"line":20,"column":8},"end":{"line":20,"column":25}},"type":"binary-expr","locations":[{"start":{"line":20,"column":8},"end":{"line":20,"column":14}},{"start":{"line":20,"column":18},"end":{"line":20,"column":25}}],"line":20},"2":{"loc":{"start":{"line":70,"column":2},"end":{"line":72,"column":3}},"type":"if","locations":[{"start":{"line":70,"column":2},"end":{"line":72,"column":3}},{"start":{},"end":{}}],"line":70},"3":{"loc":{"start":{"line":77,"column":9},"end":{"line":102,"column":9}},"type":"cond-expr","locations":[{"start":{"line":78,"column":10},"end":{"line":98,"column":13}},{"start":{"line":101,"column":10},"end":{"line":101,"column":83}}],"line":77},"4":{"loc":{"start":{"line":81,"column":21},"end":{"line":81,"column":64}},"type":"binary-expr","locations":[{"start":{"line":81,"column":21},"end":{"line":81,"column":38}},{"start":{"line":81,"column":42},"end":{"line":81,"column":64}}],"line":81},"5":{"loc":{"start":{"line":89,"column":15},"end":{"line":89,"column":76}},"type":"binary-expr","locations":[{"start":{"line":89,"column":15},"end":{"line":89,"column":29}},{"start":{"line":89,"column":33},"end":{"line":89,"column":76}}],"line":89},"6":{"loc":{"start":{"line":92,"column":45},"end":{"line":92,"column":122}},"type":"cond-expr","locations":[{"start":{"line":92,"column":61},"end":{"line":92,"column":105}},{"start":{"line":92,"column":108},"end":{"line":92,"column":122}}],"line":92},"7":{"loc":{"start":{"line":93,"column":46},"end":{"line":93,"column":104}},"type":"cond-expr","locations":[{"start":{"line":93,"column":62},"end":{"line":93,"column":86}},{"start":{"line":93,"column":89},"end":{"line":93,"column":104}}],"line":93},"8":{"loc":{"start":{"line":107,"column":9},"end":{"line":113,"column":9}},"type":"cond-expr","locations":[{"start":{"line":108,"column":10},"end":{"line":110,"column":12}},{"start":{"line":112,"column":10},"end":{"line":112,"column":74}}],"line":107},"9":{"loc":{"start":{"line":107,"column":9},"end":{"line":107,"column":34}},"type":"binary-expr","locations":[{"start":{"line":107,"column":9},"end":{"line":107,"column":14}},{"start":{"line":107,"column":18},"end":{"line":107,"column":34}}],"line":107}},"s":{"0":3,"1":26,"2":25,"3":25,"4":1,"5":1,"6":1,"7":1,"8":1,"9":1,"10":1,"11":1,"12":0,"13":0,"14":0,"15":0,"16":0,"17":0,"18":0,"19":0,"20":0,"21":1,"22":0,"23":1,"24":0,"25":0,"26":1,"27":0,"28":1,"29":0,"30":3},"f":{"0":26,"1":1,"2":0,"3":0,"4":0,"5":0,"6":0,"7":0,"8":0},"b":{"0":[1,0],"1":[1,1],"2":[0,1],"3":[1,0],"4":[1,1],"5":[1,0],"6":[0,1],"7":[0,1],"8":[0,1],"9":[1,1]},"_coverageSchema":"1a1c01bbd47fc00a2c39e90264f33305004495a9","hash":"669f9ae35a3220b036a0857a0cac95f998b94816"}
,"D:\\de351\\pawpaw\\frontend\\src\\pages\\Register.js": {"path":"D:\\de351\\pawpaw\\frontend\\src\\pages\\Register.js","statementMap":{"0":{"start":{"line":8,"column":17},"end":{"line":120,"column":1}},"1":{"start":{"line":9,"column":19},"end":{"line":9,"column":32}},"2":{"start":{"line":11,"column":34},"end":{"line":16,"column":4}},"3":{"start":{"line":18,"column":23},"end":{"line":20,"column":3}},"4":{"start":{"line":19,"column":4},"end":{"line":19,"column":66}},"5":{"start":{"line":22,"column":23},"end":{"line":42,"column":3}},"6":{"start":{"line":23,"column":4},"end":{"line":23,"column":23}},"7":{"start":{"line":25,"column":4},"end":{"line":28,"column":5}},"8":{"start":{"line":26,"column":6},"end":{"line":26,"column":38}},"9":{"start":{"line":27,"column":6},"end":{"line":27,"column":13}},"10":{"start":{"line":30,"column":4},"end":{"line":41,"column":5}},"11":{"start":{"line":31,"column":23},"end":{"line":31,"column":90}},"12":{"start":{"line":32,"column":6},"end":{"line":37,"column":7}},"13":{"start":{"line":33,"column":8},"end":{"line":33,"column":42}},"14":{"start":{"line":34,"column":8},"end":{"line":34,"column":27}},"15":{"start":{"line":36,"column":8},"end":{"line":36,"column":81}},"16":{"start":{"line":39,"column":6},"end":{"line":39,"column":42}},"17":{"start":{"line":40,"column":6},"end":{"line":40,"column":85}},"18":{"start":{"line":44,"column":2},"end":{"line":119,"column":4}}},"fnMap":{"0":{"name":"(anonymous_0)","decl":{"start":{"line":8,"column":17},"end":{"line":8,"column":18}},"loc":{"start":{"line":8,"column":23},"end":{"line":120,"column":1}},"line":8},"1":{"name":"(anonymous_1)","decl":{"start":{"line":18,"column":23},"end":{"line":18,"column":24}},"loc":{"start":{"line":18,"column":30},"end":{"line":20,"column":3}},"line":18},"2":{"name":"(anonymous_2)","decl":{"start":{"line":22,"column":23},"end":{"line":22,"column":24}},"loc":{"start":{"line":22,"column":36},"end":{"line":42,"column":3}},"line":22}},"branchMap":{"0":{"loc":{"start":{"line":25,"column":4},"end":{"line":28,"column":5}},"type":"if","locations":[{"start":{"line":25,"column":4},"end":{"line":28,"column":5}},{"start":{},"end":{}}],"line":25},"1":{"loc":{"start":{"line":32,"column":6},"end":{"line":37,"column":7}},"type":"if","locations":[{"start":{"line":32,"column":6},"end":{"line":37,"column":7}},{"start":{"line":35,"column":13},"end":{"line":37,"column":7}}],"line":32},"2":{"loc":{"start":{"line":36,"column":14},"end":{"line":36,"column":79}},"type":"binary-expr","locations":[{"start":{"line":36,"column":14},"end":{"line":36,"column":35}},{"start":{"line":36,"column":39},"end":{"line":36,"column":79}}],"line":36},"3":{"loc":{"start":{"line":40,"column":12},"end":{"line":40,"column":83}},"type":"binary-expr","locations":[{"start":{"line":40,"column":12},"end":{"line":40,"column":41}},{"start":{"line":40,"column":45},"end":{"line":40,"column":83}}],"line":40}},"s":{"0":3,"1":8,"2":8,"3":8,"4":5,"5":8,"6":1,"7":1,"8":1,"9":1,"10":0,"11":0,"12":0,"13":0,"14":0,"15":0,"16":0,"17":0,"18":8},"f":{"0":8,"1":5,"2":1},"b":{"0":[1,0],"1":[0,0],"2":[0,0],"3":[0,0]},"_coverageSchema":"1a1c01bbd47fc00a2c39e90264f33305004495a9","hash":"800a366dbb90f52439aae95320f2d7e032ea19b6"}
}
