TN:
SF:src\App.js
FN:13,(anonymous_0)
FN:17,(anonymous_1)
FN:24,(anonymous_2)
FN:25,(anonymous_3)
FN:31,(anonymous_4)
FNF:5
FNH:4
FNDA:14,(anonymous_0)
FNDA:10,(anonymous_1)
FNDA:0,(anonymous_2)
FNDA:1,(anonymous_3)
FNDA:10,(anonymous_4)
DA:13,2
DA:14,14
DA:17,14
DA:18,10
DA:19,10
DA:20,4
DA:24,14
DA:25,14
DA:27,1
DA:28,1
DA:31,14
DA:33,10
DA:34,10
DA:35,4
DA:36,4
DA:37,4
DA:40,4
DA:41,1
DA:42,1
DA:44,3
DA:47,0
DA:48,0
DA:53,14
LF:23
LH:21
BRDA:19,0,0,4
BRDA:19,0,1,6
BRDA:34,1,0,4
BRDA:34,1,1,6
BRDA:40,2,0,1
BRDA:40,2,1,3
BRF:6
BRH:6
end_of_record
TN:
SF:src\index.js
FNF:0
FNH:0
DA:8,0
DA:9,0
DA:18,0
LF:3
LH:0
BRF:0
BRH:0
end_of_record
TN:
SF:src\reportWebVitals.js
FN:1,(anonymous_0)
FN:3,(anonymous_1)
FNF:2
FNH:0
FNDA:0,(anonymous_0)
FNDA:0,(anonymous_1)
DA:1,1
DA:2,0
DA:3,0
DA:4,0
DA:5,0
DA:6,0
DA:7,0
DA:8,0
LF:8
LH:1
BRDA:2,0,0,0
BRDA:2,0,1,0
BRDA:2,1,0,0
BRDA:2,1,1,0
BRF:4
BRH:0
end_of_record
TN:
SF:src\components\Comment.js
FN:10,(anonymous_0)
FN:16,(anonymous_1)
FN:28,(anonymous_2)
FN:43,(anonymous_3)
FN:68,(anonymous_4)
FN:79,(anonymous_5)
FN:88,(anonymous_6)
FN:105,(anonymous_7)
FN:106,(anonymous_8)
FN:120,(anonymous_9)
FN:121,(anonymous_10)
FN:127,(anonymous_11)
FN:153,(anonymous_12)
FN:168,(anonymous_13)
FN:189,(anonymous_14)
FN:194,(anonymous_15)
FN:199,(anonymous_16)
FN:218,(anonymous_17)
FN:219,(anonymous_18)
FN:228,(anonymous_19)
FN:237,(anonymous_20)
FN:249,(anonymous_21)
FNF:22
FNH:4
FNDA:13,(anonymous_0)
FNDA:0,(anonymous_1)
FNDA:7,(anonymous_2)
FNDA:0,(anonymous_3)
FNDA:0,(anonymous_4)
FNDA:0,(anonymous_5)
FNDA:0,(anonymous_6)
FNDA:0,(anonymous_7)
FNDA:0,(anonymous_8)
FNDA:0,(anonymous_9)
FNDA:0,(anonymous_10)
FNDA:0,(anonymous_11)
FNDA:26,(anonymous_12)
FNDA:0,(anonymous_13)
FNDA:0,(anonymous_14)
FNDA:0,(anonymous_15)
FNDA:0,(anonymous_16)
FNDA:0,(anonymous_17)
FNDA:0,(anonymous_18)
FNDA:0,(anonymous_19)
FNDA:0,(anonymous_20)
FNDA:26,(anonymous_21)
DA:10,6
DA:11,13
DA:12,13
DA:13,13
DA:14,13
DA:16,13
DA:17,0
DA:18,0
DA:19,0
DA:20,0
DA:23,0
DA:28,13
DA:29,7
DA:30,0
DA:33,7
DA:34,7
DA:35,6
DA:36,6
DA:38,1
DA:43,13
DA:44,0
DA:45,0
DA:46,0
DA:47,0
DA:48,0
DA:49,0
DA:50,0
DA:54,0
DA:63,0
DA:65,0
DA:68,0
DA:74,0
DA:79,13
DA:80,0
DA:88,13
DA:89,0
DA:90,0
DA:91,0
DA:92,0
DA:94,0
DA:95,0
DA:100,0
DA:101,0
DA:102,0
DA:105,0
DA:106,0
DA:107,0
DA:110,0
DA:111,0
DA:114,0
DA:116,0
DA:120,13
DA:121,0
DA:127,13
DA:128,0
DA:129,0
DA:130,0
DA:131,0
DA:132,0
DA:135,0
DA:139,0
DA:140,0
DA:143,0
DA:146,0
DA:147,0
DA:153,13
DA:154,26
DA:168,0
DA:189,0
DA:194,0
DA:199,0
DA:219,0
DA:228,0
DA:238,0
DA:246,13
DA:250,26
LF:76
LH:22
BRDA:11,0,0,13
BRDA:11,0,1,0
BRDA:19,1,0,0
BRDA:19,1,1,0
BRDA:29,2,0,0
BRDA:29,2,1,7
BRDA:34,3,0,6
BRDA:34,3,1,1
BRDA:45,4,0,0
BRDA:45,4,1,0
BRDA:45,5,0,0
BRDA:45,5,1,0
BRDA:48,6,0,0
BRDA:48,6,1,0
BRDA:63,7,0,0
BRDA:63,7,1,0
BRDA:90,8,0,0
BRDA:90,8,1,0
BRDA:100,9,0,0
BRDA:100,9,1,0
BRDA:107,10,0,0
BRDA:107,10,1,0
BRDA:130,11,0,0
BRDA:130,11,1,0
BRDA:139,12,0,0
BRDA:139,12,1,0
BRDA:165,13,0,26
BRDA:165,13,1,12
BRDA:165,13,2,12
BRDA:165,13,3,0
BRDA:175,14,0,26
BRDA:175,14,1,0
BRDA:188,15,0,12
BRDA:188,15,1,14
BRDA:205,16,0,26
BRDA:205,16,1,0
BRDA:217,17,0,0
BRDA:217,17,1,0
BRDA:235,18,0,26
BRDA:235,18,1,0
BRDA:235,18,2,0
BRDA:248,19,0,13
BRDA:248,19,1,0
BRF:43
BRH:13
end_of_record
TN:
SF:src\components\CreatePost.js
FN:7,(anonymous_0)
FN:12,(anonymous_1)
FN:16,(anonymous_2)
FN:66,(anonymous_3)
FN:78,(anonymous_4)
FNF:5
FNH:4
FNDA:9,(anonymous_0)
FNDA:0,(anonymous_1)
FNDA:2,(anonymous_2)
FNDA:3,(anonymous_3)
FNDA:9,(anonymous_4)
DA:7,3
DA:8,9
DA:9,9
DA:10,9
DA:12,9
DA:13,0
DA:16,9
DA:17,2
DA:19,2
DA:20,2
DA:21,1
DA:22,1
DA:24,1
DA:27,1
DA:28,1
DA:29,1
DA:30,1
DA:31,0
DA:34,1
DA:44,0
DA:45,0
DA:46,0
DA:47,0
DA:48,0
DA:51,1
DA:55,9
DA:66,3
DA:79,9
LF:28
LH:21
BRDA:20,0,0,1
BRDA:20,0,1,1
BRDA:30,1,0,0
BRDA:30,1,1,1
BRDA:44,2,0,0
BRDA:44,2,1,0
BRDA:83,3,0,9
BRDA:83,3,1,0
BRF:8
BRH:4
end_of_record
TN:
SF:src\components\DeleteButton.js
FN:13,(anonymous_0)
FN:18,(anonymous_1)
FN:22,(anonymous_2)
FN:26,(anonymous_3)
FN:31,(anonymous_4)
FN:35,(anonymous_5)
FNF:6
FNH:6
FNDA:13,(anonymous_0)
FNDA:4,(anonymous_1)
FNDA:3,(anonymous_2)
FNDA:3,(anonymous_3)
FNDA:2,(anonymous_4)
FNDA:1,(anonymous_5)
DA:13,7
DA:14,13
DA:15,13
DA:16,13
DA:18,13
DA:19,4
DA:22,13
DA:23,3
DA:26,13
DA:27,3
DA:28,3
DA:31,13
DA:32,2
DA:35,13
DA:36,1
DA:37,1
DA:40,13
LF:17
LH:17
BRF:0
BRH:0
end_of_record
TN:
SF:src\components\EditProfile.js
FN:5,(anonymous_0)
FN:15,(anonymous_1)
FN:28,(anonymous_2)
FN:33,(anonymous_3)
FN:109,(anonymous_4)
FN:113,(anonymous_5)
FN:123,(anonymous_6)
FN:130,(anonymous_7)
FNF:8
FNH:6
FNDA:18,(anonymous_0)
FNDA:6,(anonymous_1)
FNDA:5,(anonymous_2)
FNDA:2,(anonymous_3)
FNDA:0,(anonymous_4)
FNDA:126,(anonymous_5)
FNDA:1,(anonymous_6)
FNDA:0,(anonymous_7)
DA:5,4
DA:6,18
DA:13,18
DA:15,18
DA:16,6
DA:17,6
DA:24,6
DA:28,18
DA:29,5
DA:30,5
DA:33,18
DA:34,2
DA:35,2
DA:36,2
DA:37,2
DA:38,2
DA:39,2
DA:42,0
DA:43,0
DA:44,0
DA:45,0
DA:46,0
DA:47,0
DA:49,0
DA:50,0
DA:53,0
DA:60,0
DA:61,0
DA:64,0
DA:65,0
DA:68,0
DA:69,0
DA:73,18
DA:109,0
DA:114,126
DA:123,1
DA:130,0
LF:37
LH:20
BRDA:16,0,0,6
BRDA:16,0,1,0
BRDA:18,1,0,6
BRDA:18,1,1,0
BRDA:19,2,0,6
BRDA:19,2,1,0
BRDA:20,3,0,6
BRDA:20,3,1,0
BRDA:21,4,0,6
BRDA:21,4,1,0
BRDA:22,5,0,6
BRDA:22,5,1,0
BRDA:24,6,0,6
BRDA:24,6,1,0
BRDA:37,7,0,2
BRDA:37,7,1,0
BRDA:49,8,0,0
BRDA:49,8,1,0
BRDA:64,9,0,0
BRDA:64,9,1,0
BRDA:77,10,0,18
BRDA:77,10,1,12
BRF:22
BRH:10
end_of_record
TN:
SF:src\components\LikeButton.js
FN:6,(anonymous_0)
FN:12,(anonymous_1)
FN:19,(anonymous_2)
FN:27,(anonymous_3)
FN:28,(anonymous_4)
FNF:5
FNH:3
FNDA:29,(anonymous_0)
FNDA:29,(anonymous_1)
FNDA:2,(anonymous_2)
FNDA:0,(anonymous_3)
FNDA:0,(anonymous_4)
DA:6,7
DA:8,29
DA:9,29
DA:12,29
DA:13,29
DA:14,29
DA:15,29
DA:16,29
DA:19,29
DA:20,2
DA:21,2
DA:22,2
DA:23,2
DA:25,0
DA:26,0
DA:27,0
DA:28,0
DA:29,0
DA:33,29
LF:19
LH:14
BRDA:21,0,0,2
BRDA:21,0,1,0
BRDA:26,1,0,0
BRDA:26,1,1,0
BRDA:28,2,0,0
BRDA:28,2,1,0
BRDA:36,3,0,1
BRDA:36,3,1,28
BRF:8
BRH:3
end_of_record
TN:
SF:src\components\Post.js
FN:13,(anonymous_0)
FN:24,(anonymous_1)
FN:34,(anonymous_2)
FN:49,(anonymous_3)
FN:50,(anonymous_4)
FN:55,(anonymous_5)
FN:72,(anonymous_6)
FN:84,(anonymous_7)
FN:94,(anonymous_8)
FN:125,(anonymous_9)
FN:157,(anonymous_10)
FN:192,(anonymous_11)
FNF:12
FNH:1
FNDA:36,(anonymous_0)
FNDA:0,(anonymous_1)
FNDA:0,(anonymous_2)
FNDA:0,(anonymous_3)
FNDA:0,(anonymous_4)
FNDA:0,(anonymous_5)
FNDA:0,(anonymous_6)
FNDA:0,(anonymous_7)
FNDA:0,(anonymous_8)
FNDA:0,(anonymous_9)
FNDA:0,(anonymous_10)
FNDA:0,(anonymous_11)
DA:13,5
DA:14,36
DA:15,36
DA:16,36
DA:18,36
DA:24,36
DA:25,0
DA:26,0
DA:27,0
DA:28,0
DA:30,0
DA:34,0
DA:35,0
DA:36,0
DA:37,0
DA:39,0
DA:44,0
DA:49,36
DA:50,0
DA:55,36
DA:56,0
DA:57,0
DA:58,0
DA:59,0
DA:60,0
DA:63,0
DA:69,0
DA:70,0
DA:71,0
DA:72,0
DA:76,0
DA:79,0
DA:81,0
DA:84,36
DA:85,0
DA:94,36
DA:95,0
DA:96,0
DA:97,0
DA:98,0
DA:99,0
DA:100,0
DA:104,0
DA:107,0
DA:110,0
DA:111,0
DA:112,0
DA:113,0
DA:117,0
DA:122,36
DA:123,36
DA:125,36
DA:126,0
DA:127,0
DA:128,0
DA:129,0
DA:130,0
DA:133,0
DA:137,0
DA:138,0
DA:139,0
DA:141,0
DA:144,0
DA:145,0
DA:151,36
DA:157,0
DA:192,0
LF:67
LH:14
BRDA:20,0,0,24
BRDA:20,0,1,12
BRDA:26,1,0,0
BRDA:26,1,1,0
BRDA:58,2,0,0
BRDA:58,2,1,0
BRDA:69,3,0,0
BRDA:69,3,1,0
BRDA:86,4,0,0
BRDA:86,4,1,0
BRDA:95,5,0,0
BRDA:95,5,1,0
BRDA:98,6,0,0
BRDA:98,6,1,0
BRDA:110,7,0,0
BRDA:110,7,1,0
BRDA:128,8,0,0
BRDA:128,8,1,0
BRDA:138,9,0,0
BRDA:138,9,1,0
BRDA:155,10,0,36
BRDA:155,10,1,0
BRDA:155,10,2,0
BRDA:155,10,3,0
BRDA:155,10,4,0
BRDA:169,11,0,0
BRDA:169,11,1,0
BRDA:169,11,2,0
BRDA:181,12,0,0
BRDA:181,12,1,0
BRDA:203,13,0,0
BRDA:203,13,1,0
BRF:32
BRH:3
end_of_record
TN:
SF:src\components\Sidebar.js
FN:9,(anonymous_0)
FN:18,(anonymous_1)
FN:30,(anonymous_2)
FN:39,(anonymous_3)
FN:40,(anonymous_4)
FN:56,(anonymous_5)
FN:57,(anonymous_6)
FN:73,Sidebar
FN:77,(anonymous_8)
FN:81,(anonymous_9)
FNF:10
FNH:7
FNDA:0,(anonymous_0)
FNDA:30,(anonymous_1)
FNDA:15,(anonymous_2)
FNDA:48,(anonymous_3)
FNDA:15,(anonymous_4)
FNDA:48,(anonymous_5)
FNDA:15,(anonymous_6)
FNDA:15,Sidebar
FNDA:0,(anonymous_8)
FNDA:0,(anonymous_9)
DA:7,3
DA:9,3
DA:18,30
DA:30,15
DA:38,3
DA:39,48
DA:40,15
DA:56,48
DA:57,15
DA:74,15
DA:75,15
DA:77,15
DA:78,0
DA:81,15
DA:82,0
DA:84,15
LF:16
LH:14
BRDA:46,0,0,15
BRDA:46,0,1,0
BRDA:62,1,0,15
BRDA:62,1,1,0
BRDA:66,2,0,15
BRDA:66,2,1,15
BRDA:96,3,0,15
BRDA:96,3,1,0
BRDA:105,4,0,11
BRDA:105,4,1,4
BRDA:145,5,0,0
BRDA:145,5,1,15
BRF:12
BRH:8
end_of_record
TN:
SF:src\components\shareUtil.js
FN:2,(anonymous_0)
FNF:1
FNH:1
FNDA:3,(anonymous_0)
DA:2,5
DA:3,3
DA:4,1
DA:5,1
DA:6,1
DA:8,0
DA:11,2
DA:12,2
DA:13,1
DA:15,1
LF:10
LH:9
BRDA:3,0,0,1
BRDA:3,0,1,2
BRF:2
BRH:2
end_of_record
TN:
SF:src\pages\Forum.js
FN:8,(anonymous_0)
FN:12,(anonymous_1)
FN:13,(anonymous_2)
FN:28,(anonymous_3)
FN:43,(anonymous_4)
FN:52,(anonymous_5)
FN:59,(anonymous_6)
FN:65,(anonymous_7)
FNF:8
FNH:7
FNDA:12,(anonymous_0)
FNDA:4,(anonymous_1)
FNDA:4,(anonymous_2)
FNDA:1,(anonymous_3)
FNDA:6,(anonymous_4)
FNDA:2,(anonymous_5)
FNDA:0,(anonymous_6)
FNDA:1,(anonymous_7)
DA:8,3
DA:9,12
DA:10,11
DA:12,11
DA:13,4
DA:14,4
DA:15,4
DA:16,4
DA:17,2
DA:20,2
DA:24,4
DA:28,11
DA:29,1
DA:30,1
DA:33,11
DA:44,6
DA:52,2
DA:59,0
DA:65,1
LF:19
LH:18
BRDA:16,0,0,2
BRDA:16,0,1,0
BRDA:44,1,0,6
BRDA:44,1,1,2
BRF:4
BRH:3
end_of_record
TN:
SF:src\pages\Home.js
FN:34,(anonymous_0)
FN:49,(anonymous_1)
FN:50,(anonymous_2)
FN:51,(anonymous_3)
FN:53,(anonymous_4)
FN:56,(anonymous_5)
FN:67,(anonymous_6)
FN:82,(anonymous_7)
FN:99,(anonymous_8)
FNF:9
FNH:7
FNDA:13,(anonymous_0)
FNDA:10,(anonymous_1)
FNDA:0,(anonymous_2)
FNDA:0,(anonymous_3)
FNDA:9,(anonymous_4)
FNDA:52,(anonymous_5)
FNDA:1,(anonymous_6)
FNDA:49,(anonymous_7)
FNDA:52,(anonymous_8)
DA:20,3
DA:27,3
DA:34,3
DA:35,13
DA:37,13
DA:39,13
DA:49,13
DA:50,10
DA:51,0
DA:53,10
DA:56,13
DA:57,52
DA:60,13
DA:67,1
DA:83,49
DA:100,52
LF:16
LH:15
BRDA:81,0,0,13
BRDA:81,0,1,0
BRF:2
BRH:1
end_of_record
TN:
SF:src\pages\Login.js
FN:7,(anonymous_0)
FN:11,(anonymous_1)
FN:15,(anonymous_2)
FNF:3
FNH:3
FNDA:14,(anonymous_0)
FNDA:5,(anonymous_1)
FNDA:2,(anonymous_2)
DA:7,3
DA:8,14
DA:9,14
DA:11,14
DA:12,5
DA:15,14
DA:16,2
DA:17,2
DA:18,2
DA:19,1
DA:20,1
DA:23,1
DA:26,1
DA:27,1
DA:28,1
DA:30,1
DA:31,1
DA:32,1
DA:34,1
DA:36,1
DA:37,1
DA:39,0
DA:42,1
DA:43,1
DA:48,14
LF:25
LH:24
BRDA:19,0,0,1
BRDA:19,0,1,0
BRDA:39,1,0,0
BRDA:39,1,1,0
BRF:4
BRH:1
end_of_record
TN:
SF:src\pages\Profile.js
FN:7,(anonymous_0)
FN:16,(anonymous_1)
FN:33,(anonymous_2)
FN:37,(anonymous_3)
FN:50,(anonymous_4)
FN:53,(anonymous_5)
FN:59,(anonymous_6)
FN:64,(anonymous_7)
FN:108,(anonymous_8)
FNF:9
FNH:2
FNDA:26,(anonymous_0)
FNDA:1,(anonymous_1)
FNDA:0,(anonymous_2)
FNDA:0,(anonymous_3)
FNDA:0,(anonymous_4)
FNDA:0,(anonymous_5)
FNDA:0,(anonymous_6)
FNDA:0,(anonymous_7)
FNDA:0,(anonymous_8)
DA:7,3
DA:8,26
DA:12,25
DA:13,25
DA:14,1
DA:16,1
DA:17,1
DA:18,1
DA:20,1
DA:21,1
DA:22,1
DA:23,1
DA:27,0
DA:34,0
DA:35,0
DA:38,0
DA:39,0
DA:40,0
DA:44,0
DA:51,0
DA:54,0
DA:59,1
DA:60,0
DA:64,1
DA:65,0
DA:66,0
DA:70,1
DA:71,0
DA:74,1
DA:109,0
DA:119,3
LF:31
LH:17
BRDA:20,0,0,1
BRDA:20,0,1,0
BRDA:20,1,0,1
BRDA:20,1,1,1
BRDA:70,2,0,0
BRDA:70,2,1,1
BRDA:77,3,0,1
BRDA:77,3,1,0
BRDA:81,4,0,1
BRDA:81,4,1,1
BRDA:89,5,0,1
BRDA:89,5,1,0
BRDA:92,6,0,0
BRDA:92,6,1,1
BRDA:93,7,0,0
BRDA:93,7,1,1
BRDA:107,8,0,0
BRDA:107,8,1,1
BRDA:107,9,0,1
BRDA:107,9,1,1
BRF:20
BRH:13
end_of_record
TN:
SF:src\pages\Register.js
FN:8,(anonymous_0)
FN:18,(anonymous_1)
FN:22,(anonymous_2)
FNF:3
FNH:3
FNDA:8,(anonymous_0)
FNDA:5,(anonymous_1)
FNDA:1,(anonymous_2)
DA:8,3
DA:9,8
DA:11,8
DA:18,8
DA:19,5
DA:22,8
DA:23,1
DA:25,1
DA:26,1
DA:27,1
DA:30,0
DA:31,0
DA:32,0
DA:33,0
DA:34,0
DA:36,0
DA:39,0
DA:40,0
DA:44,8
LF:19
LH:11
BRDA:25,0,0,1
BRDA:25,0,1,0
BRDA:32,1,0,0
BRDA:32,1,1,0
BRDA:36,2,0,0
BRDA:36,2,1,0
BRDA:40,3,0,0
BRDA:40,3,1,0
BRF:8
BRH:1
end_of_record
